Arguments: 
  C:\Program Files\nodejs\node.exe C:\Program Files\nodejs\node_modules\yarn\bin\yarn.js

PATH: 
  C:\Program Files\Docker\Docker\Resources\bin;C:\Program Files\Microsoft MPI\Bin\;C:\Program Files (x86)\Intel\Intel(R) Management Engine Components\iCLS\;C:\Program Files\Intel\Intel(R) Management Engine Components\iCLS\;C:\Windows\system32;C:\Windows;C:\Windows\System32\Wbem;C:\Windows\System32\WindowsPowerShell\v1.0\;C:\Users\herb\AppData\Local\Microsoft\WindowsApps;G:\My Drive;G:\My Drive\Shortcuts\Win10;C:\ProgramData\chocolatey\bin;C:\Program Files\Git\cmd;C:\ProgramData\nvm;C:\Users\herb\AppData\Local\Yarn\bin;C:\Users\herb\AppData\Roaming\nvm;C:\Program Files\nodejs;C:\program files\mongodb\server\3.6\bin\;c:\Program Files\MongoDB\Server\3.4\bin\;C:\WINDOWS\system32;C:\WINDOWS;C:\WINDOWS\System32\Wbem;C:\WINDOWS\System32\WindowsPowerShell\v1.0\;C:\WINDOWS\System32\OpenSSH\;C:\Program Files\nodejs\;C:\Program Files\dotnet\;C:\Program Files (x86)\Microsoft Visual Studio\2017\BuildTools\MSBuild\15.0\bin\;C:\Program Files (x86)\IIS Express\;C:\Program Files\Amazon\AWSCLI\bin\;C:\Users\herb\AppData\Roaming\Python\Python37\Scripts;C:\Program Files\PuTTY\;G:\My Drive\Shortcuts\Scripts;C:\Users\herb\AppData\Local\Programs\Microsoft VS Code\;C:\Program Files (x86)\Calibre2\;C:\Program Files (x86)\Yarn\bin\;C:\Program Files\NVIDIA Corporation\NVIDIA NvDLISR;C:\Users\herb\.windows-build-tools\python27\;C:\Users\herb\AppData\Local\Temp\yarn--1543320168515-0.8221089754004443;C:\Users\herb\AppData\Local\Yarn\Data\global\node_modules\windows-build-tools\node_modules\.bin;C:\Users\herb\AppData\Local\Yarn\Data\link\node_modules\.bin;C:\Users\Herb\AppData\Roaming\npm\bin;C:\Program Files\libexec\lib\node_modules\npm\bin\node-gyp-bin;C:\Program Files\lib\node_modules\npm\bin\node-gyp-bin;C:\Program Files\nodejs\node_modules\npm\bin\node-gyp-bin;C:\Program Files\Docker\Docker\Resources\bin;C:\Program Files\Microsoft MPI\Bin\;C:\Program Files (x86)\Intel\Intel(R) Management Engine Components\iCLS\;C:\Program Files\Intel\Intel(R) Management Engine Components\iCLS\;C:\Windows\system32;C:\Windows;C:\Windows\System32\Wbem;C:\Windows\System32\WindowsPowerShell\v1.0\;C:\Program Files (x86)\Intel\Intel(R) Management Engine Co;C:\Users\herb\AppData\Local\Programs\Microsoft VS Code\bin;C:\Users\herb\AppData\Local\Microsoft\WindowsApps;C:\Users\herb\AppData\Local\GitHubDesktop\bin;C:\Users\herb\AppData\Local\now-cli;C:\Users\herb\AppData\Local\Yarn\bin

Yarn version: 
  1.12.3

Node version: 
  8.11.1

Platform: 
  win32 x64

Trace: 
  Error: EPERM: operation not permitted, scandir 'C:\git\redux-persist-automerge\node_modules\@types'

npm manifest: 
  {
    "name": "redux-persist-automerge",
    "version": "0.1.0",
    "description": "Automerge storage provider for redux-persist",
    "main": "./dist/index.js",
    "scripts": {
      "build": "tsc",
      "test": "npm run build && node dist/index.spec.js",
      "watch": "tsc --watch"
    },
    "repository": {
      "type": "git",
      "url": "git+ssh://git@github.com/herbcaudill/redux-persist-automerge.git"
    },
    "files": [
      "dist",
      "src",
      "index.d.ts"
    ],
    "keywords": [
      "redux",
      "redux-persist",
      "apollo",
      "apollo-client",
      "automerge"
    ],
    "author": "Herb Caudill",
    "license": "MIT",
    "bugs": {
      "url": "https://github.com/herbcaudill/redux-persist-automerge/issues"
    },
    "homepage": "https://github.com/herbcaudill/redux-persist-automerge#readme",
    "dependencies": {
      "automerge": "^0.10.0"
    },
    "devDependencies": {
      "typescript": "^3.4.5",
      "jest": "^24.7.1",
      "ts-jest": "^24.0.2"
    },
    "prettier": {
      "printWidth": 120,
      "semi": false,
      "singleQuote": true,
      "trailingComma": "es5"
    }
  }

yarn manifest: 
  No manifest

Lockfile: 
  # THIS IS AN AUTOGENERATED FILE. DO NOT EDIT THIS FILE DIRECTLY.
  # yarn lockfile v1
  
  
  abbrev@1:
    version "1.1.1"
    resolved "https://registry.yarnpkg.com/abbrev/-/abbrev-1.1.1.tgz#f8f2c887ad10bf67f634f005b6987fed3179aac8"
    integrity sha512-nne9/IiQ/hzIhY6pdDnbBtz7DjPTKrY00P/zvPSm5pOFkl6xuGrGnXn/VtTNNfNtAfZ9/1RtehkszU9qcTii0Q==
  
  agent-base@2:
    version "2.1.1"
    resolved "https://registry.yarnpkg.com/agent-base/-/agent-base-2.1.1.tgz#d6de10d5af6132d5bd692427d46fc538539094c7"
    integrity sha1-1t4Q1a9hMtW9aSQn1G/FOFOQlMc=
    dependencies:
      extend "~3.0.0"
      semver "~5.0.1"
  
  ansi-align@^1.1.0:
    version "1.1.0"
    resolved "https://registry.yarnpkg.com/ansi-align/-/ansi-align-1.1.0.tgz#2f0c1658829739add5ebb15e6b0c6e3423f016ba"
    integrity sha1-LwwWWIKXOa3V67FeawxuNCPwFro=
    dependencies:
      string-width "^1.0.1"
  
  ansi-escapes@^1.0.0:
    version "1.4.0"
    resolved "https://registry.yarnpkg.com/ansi-escapes/-/ansi-escapes-1.4.0.tgz#d3a8a83b319aa67793662b13e761c7911422306e"
    integrity sha1-06ioOzGapneTZisT52HHkRQiMG4=
  
  ansi-regex@^2.0.0:
    version "2.1.1"
    resolved "https://registry.yarnpkg.com/ansi-regex/-/ansi-regex-2.1.1.tgz#c3b33ab5ee360d86e0e628f0468ae7ef27d654df"
    integrity sha1-w7M6te42DYbg5ijwRorn7yfWVN8=
  
  ansi-styles@^2.2.1:
    version "2.2.1"
    resolved "https://registry.yarnpkg.com/ansi-styles/-/ansi-styles-2.2.1.tgz#b432dd3358b634cf75e1e4664368240533c1ddbe"
    integrity sha1-tDLdM1i2NM914eRmQ2gkBTPB3b4=
  
  any-promise@^1.0.0, any-promise@^1.1.0, any-promise@^1.3.0:
    version "1.3.0"
    resolved "https://registry.yarnpkg.com/any-promise/-/any-promise-1.3.0.tgz#abc6afeedcea52e809cdc0376aed3ce39635d17f"
    integrity sha1-q8av7tzqUugJzcA3au0845Y10X8=
  
  archy@^1.0.0:
    version "1.0.0"
    resolved "https://registry.yarnpkg.com/archy/-/archy-1.0.0.tgz#f9c8c13757cc1dd7bc379ac77b2c62a5c2868c40"
    integrity sha1-+cjBN1fMHde8N5rHeyxipcKGjEA=
  
  array-uniq@^1.0.2:
    version "1.0.3"
    resolved "https://registry.yarnpkg.com/array-uniq/-/array-uniq-1.0.3.tgz#af6ac877a25cc7f74e058894753858dfdb24fdb6"
    integrity sha1-r2rId6Jcx/dOBYiUdThY39sk/bY=
  
  arrify@^1.0.0:
    version "1.0.1"
    resolved "https://registry.yarnpkg.com/arrify/-/arrify-1.0.1.tgz#898508da2226f380df904728456849c1501a4b0d"
    integrity sha1-iYUI2iIm84DfkEcoRWhJwVAaSw0=
  
  async@^2.0.1:
    version "2.6.2"
    resolved "https://registry.yarnpkg.com/async/-/async-2.6.2.tgz#18330ea7e6e313887f5d2f2a904bac6fe4dd5381"
    integrity sha512-H1qVYh1MYhEEFLsP97cVKqCGo7KfCyTt6uEWqsTBr9SO84oK9Uwbyd/yCW+6rKJLHksBNUVWZDAjfS+Ccx0Bbg==
    dependencies:
      lodash "^4.17.11"
  
  asynckit@^0.4.0:
    version "0.4.0"
    resolved "https://registry.yarnpkg.com/asynckit/-/asynckit-0.4.0.tgz#c79ed97f7f34cb8f2ba1bc9790bcc366474b4b79"
    integrity sha1-x57Zf380y48robyXkLzDZkdLS3k=
  
  automerge@^0.10.0:
    version "0.10.0"
    resolved "https://registry.yarnpkg.com/automerge/-/automerge-0.10.0.tgz#55d8d9a2f5bfc3d7c6bf4364329e39e4088d4c52"
    integrity sha512-45LzxYF+tNHSiwt01IwpwyT8GWN//ntRbclwMxli1DRAJK0fZUOQqQ0ObFzRgQj1k0B/5KGEmRiLxGmnV5Rh7g==
    dependencies:
      immutable "^3.8.2"
      transit-immutable-js "^0.7.0"
      transit-js "^0.8.861"
      uuid "3.1.0"
  
  babel-code-frame@^6.26.0:
    version "6.26.0"
    resolved "https://registry.yarnpkg.com/babel-code-frame/-/babel-code-frame-6.26.0.tgz#63fd43f7dc1e3bb7ce35947db8fe369a3f58c74b"
    integrity sha1-Y/1D99weO7fONZR9uP42mj9Yx0s=
    dependencies:
      chalk "^1.1.3"
      esutils "^2.0.2"
      js-tokens "^3.0.2"
  
  babel-helper-call-delegate@^6.24.1:
    version "6.24.1"
    resolved "https://registry.yarnpkg.com/babel-helper-call-delegate/-/babel-helper-call-delegate-6.24.1.tgz#ece6aacddc76e41c3461f88bfc575bd0daa2df8d"
    integrity sha1-7Oaqzdx25Bw0YfiL/Fdb0Nqi340=
    dependencies:
      babel-helper-hoist-variables "^6.24.1"
      babel-runtime "^6.22.0"
      babel-traverse "^6.24.1"
      babel-types "^6.24.1"
  
  babel-helper-define-map@^6.24.1:
    version "6.26.0"
    resolved "https://registry.yarnpkg.com/babel-helper-define-map/-/babel-helper-define-map-6.26.0.tgz#a5f56dab41a25f97ecb498c7ebaca9819f95be5f"
    integrity sha1-pfVtq0GiX5fstJjH66ypgZ+Vvl8=
    dependencies:
      babel-helper-function-name "^6.24.1"
      babel-runtime "^6.26.0"
      babel-types "^6.26.0"
      lodash "^4.17.4"
  
  babel-helper-function-name@^6.24.1:
    version "6.24.1"
    resolved "https://registry.yarnpkg.com/babel-helper-function-name/-/babel-helper-function-name-6.24.1.tgz#d3475b8c03ed98242a25b48351ab18399d3580a9"
    integrity sha1-00dbjAPtmCQqJbSDUasYOZ01gKk=
    dependencies:
      babel-helper-get-function-arity "^6.24.1"
      babel-runtime "^6.22.0"
      babel-template "^6.24.1"
      babel-traverse "^6.24.1"
      babel-types "^6.24.1"
  
  babel-helper-get-function-arity@^6.24.1:
    version "6.24.1"
    resolved "https://registry.yarnpkg.com/babel-helper-get-function-arity/-/babel-helper-get-function-arity-6.24.1.tgz#8f7782aa93407c41d3aa50908f89b031b1b6853d"
    integrity sha1-j3eCqpNAfEHTqlCQj4mwMbG2hT0=
    dependencies:
      babel-runtime "^6.22.0"
      babel-types "^6.24.1"
  
  babel-helper-hoist-variables@^6.24.1:
    version "6.24.1"
    resolved "https://registry.yarnpkg.com/babel-helper-hoist-variables/-/babel-helper-hoist-variables-6.24.1.tgz#1ecb27689c9d25513eadbc9914a73f5408be7a76"
    integrity sha1-HssnaJydJVE+rbyZFKc/VAi+enY=
    dependencies:
      babel-runtime "^6.22.0"
      babel-types "^6.24.1"
  
  babel-helper-optimise-call-expression@^6.24.1:
    version "6.24.1"
    resolved "https://registry.yarnpkg.com/babel-helper-optimise-call-expression/-/babel-helper-optimise-call-expression-6.24.1.tgz#f7a13427ba9f73f8f4fa993c54a97882d1244257"
    integrity sha1-96E0J7qfc/j0+pk8VKl4gtEkQlc=
    dependencies:
      babel-runtime "^6.22.0"
      babel-types "^6.24.1"
  
  babel-helper-regex@^6.24.1:
    version "6.26.0"
    resolved "https://registry.yarnpkg.com/babel-helper-regex/-/babel-helper-regex-6.26.0.tgz#325c59f902f82f24b74faceed0363954f6495e72"
    integrity sha1-MlxZ+QL4LyS3T6zu0DY5VPZJXnI=
    dependencies:
      babel-runtime "^6.26.0"
      babel-types "^6.26.0"
      lodash "^4.17.4"
  
  babel-helper-replace-supers@^6.24.1:
    version "6.24.1"
    resolved "https://registry.yarnpkg.com/babel-helper-replace-supers/-/babel-helper-replace-supers-6.24.1.tgz#bf6dbfe43938d17369a213ca8a8bf74b6a90ab1a"
    integrity sha1-v22/5Dk40XNpohPKiov3S2qQqxo=
    dependencies:
      babel-helper-optimise-call-expression "^6.24.1"
      babel-messages "^6.23.0"
      babel-runtime "^6.22.0"
      babel-template "^6.24.1"
      babel-traverse "^6.24.1"
      babel-types "^6.24.1"
  
  babel-messages@^6.23.0:
    version "6.23.0"
    resolved "https://registry.yarnpkg.com/babel-messages/-/babel-messages-6.23.0.tgz#f3cdf4703858035b2a2951c6ec5edf6c62f2630e"
    integrity sha1-8830cDhYA1sqKVHG7F7fbGLyYw4=
    dependencies:
      babel-runtime "^6.22.0"
  
  babel-plugin-check-es2015-constants@^6.22.0:
    version "6.22.0"
    resolved "https://registry.yarnpkg.com/babel-plugin-check-es2015-constants/-/babel-plugin-check-es2015-constants-6.22.0.tgz#35157b101426fd2ffd3da3f75c7d1e91835bbf8a"
    integrity sha1-NRV7EBQm/S/9PaP3XH0ekYNbv4o=
    dependencies:
      babel-runtime "^6.22.0"
  
  babel-plugin-transform-es2015-arrow-functions@^6.22.0:
    version "6.22.0"
    resolved "https://registry.yarnpkg.com/babel-plugin-transform-es2015-arrow-functions/-/babel-plugin-transform-es2015-arrow-functions-6.22.0.tgz#452692cb711d5f79dc7f85e440ce41b9f244d221"
    integrity sha1-RSaSy3EdX3ncf4XkQM5BufJE0iE=
    dependencies:
      babel-runtime "^6.22.0"
  
  babel-plugin-transform-es2015-block-scoped-functions@^6.22.0:
    version "6.22.0"
    resolved "https://registry.yarnpkg.com/babel-plugin-transform-es2015-block-scoped-functions/-/babel-plugin-transform-es2015-block-scoped-functions-6.22.0.tgz#bbc51b49f964d70cb8d8e0b94e820246ce3a6141"
    integrity sha1-u8UbSflk1wy42OC5ToICRs46YUE=
    dependencies:
      babel-runtime "^6.22.0"
  
  babel-plugin-transform-es2015-block-scoping@^6.24.1:
    version "6.26.0"
    resolved "https://registry.yarnpkg.com/babel-plugin-transform-es2015-block-scoping/-/babel-plugin-transform-es2015-block-scoping-6.26.0.tgz#d70f5299c1308d05c12f463813b0a09e73b1895f"
    integrity sha1-1w9SmcEwjQXBL0Y4E7CgnnOxiV8=
    dependencies:
      babel-runtime "^6.26.0"
      babel-template "^6.26.0"
      babel-traverse "^6.26.0"
      babel-types "^6.26.0"
      lodash "^4.17.4"
  
  babel-plugin-transform-es2015-classes@^6.24.1:
    version "6.24.1"
    resolved "https://registry.yarnpkg.com/babel-plugin-transform-es2015-classes/-/babel-plugin-transform-es2015-classes-6.24.1.tgz#5a4c58a50c9c9461e564b4b2a3bfabc97a2584db"
    integrity sha1-WkxYpQyclGHlZLSyo7+ryXolhNs=
    dependencies:
      babel-helper-define-map "^6.24.1"
      babel-helper-function-name "^6.24.1"
      babel-helper-optimise-call-expression "^6.24.1"
      babel-helper-replace-supers "^6.24.1"
      babel-messages "^6.23.0"
      babel-runtime "^6.22.0"
      babel-template "^6.24.1"
      babel-traverse "^6.24.1"
      babel-types "^6.24.1"
  
  babel-plugin-transform-es2015-computed-properties@^6.24.1:
    version "6.24.1"
    resolved "https://registry.yarnpkg.com/babel-plugin-transform-es2015-computed-properties/-/babel-plugin-transform-es2015-computed-properties-6.24.1.tgz#6fe2a8d16895d5634f4cd999b6d3480a308159b3"
    integrity sha1-b+Ko0WiV1WNPTNmZttNICjCBWbM=
    dependencies:
      babel-runtime "^6.22.0"
      babel-template "^6.24.1"
  
  babel-plugin-transform-es2015-destructuring@^6.22.0:
    version "6.23.0"
    resolved "https://registry.yarnpkg.com/babel-plugin-transform-es2015-destructuring/-/babel-plugin-transform-es2015-destructuring-6.23.0.tgz#997bb1f1ab967f682d2b0876fe358d60e765c56d"
    integrity sha1-mXux8auWf2gtKwh2/jWNYOdlxW0=
    dependencies:
      babel-runtime "^6.22.0"
  
  babel-plugin-transform-es2015-duplicate-keys@^6.24.1:
    version "6.24.1"
    resolved "https://registry.yarnpkg.com/babel-plugin-transform-es2015-duplicate-keys/-/babel-plugin-transform-es2015-duplicate-keys-6.24.1.tgz#73eb3d310ca969e3ef9ec91c53741a6f1576423e"
    integrity sha1-c+s9MQypaePvnskcU3QabxV2Qj4=
    dependencies:
      babel-runtime "^6.22.0"
      babel-types "^6.24.1"
  
  babel-plugin-transform-es2015-for-of@^6.22.0:
    version "6.23.0"
    resolved "https://registry.yarnpkg.com/babel-plugin-transform-es2015-for-of/-/babel-plugin-transform-es2015-for-of-6.23.0.tgz#f47c95b2b613df1d3ecc2fdb7573623c75248691"
    integrity sha1-9HyVsrYT3x0+zC/bdXNiPHUkhpE=
    dependencies:
      babel-runtime "^6.22.0"
  
  babel-plugin-transform-es2015-function-name@^6.24.1:
    version "6.24.1"
    resolved "https://registry.yarnpkg.com/babel-plugin-transform-es2015-function-name/-/babel-plugin-transform-es2015-function-name-6.24.1.tgz#834c89853bc36b1af0f3a4c5dbaa94fd8eacaa8b"
    integrity sha1-g0yJhTvDaxrw86TF26qU/Y6sqos=
    dependencies:
      babel-helper-function-name "^6.24.1"
      babel-runtime "^6.22.0"
      babel-types "^6.24.1"
  
  babel-plugin-transform-es2015-literals@^6.22.0:
    version "6.22.0"
    resolved "https://registry.yarnpkg.com/babel-plugin-transform-es2015-literals/-/babel-plugin-transform-es2015-literals-6.22.0.tgz#4f54a02d6cd66cf915280019a31d31925377ca2e"
    integrity sha1-T1SgLWzWbPkVKAAZox0xklN3yi4=
    dependencies:
      babel-runtime "^6.22.0"
  
  babel-plugin-transform-es2015-modules-amd@^6.24.1:
    version "6.24.1"
    resolved "https://registry.yarnpkg.com/babel-plugin-transform-es2015-modules-amd/-/babel-plugin-transform-es2015-modules-amd-6.24.1.tgz#3b3e54017239842d6d19c3011c4bd2f00a00d154"
    integrity sha1-Oz5UAXI5hC1tGcMBHEvS8AoA0VQ=
    dependencies:
      babel-plugin-transform-es2015-modules-commonjs "^6.24.1"
      babel-runtime "^6.22.0"
      babel-template "^6.24.1"
  
  babel-plugin-transform-es2015-modules-commonjs@^6.24.1:
    version "6.26.2"
    resolved "https://registry.yarnpkg.com/babel-plugin-transform-es2015-modules-commonjs/-/babel-plugin-transform-es2015-modules-commonjs-6.26.2.tgz#58a793863a9e7ca870bdc5a881117ffac27db6f3"
    integrity sha512-CV9ROOHEdrjcwhIaJNBGMBCodN+1cfkwtM1SbUHmvyy35KGT7fohbpOxkE2uLz1o6odKK2Ck/tz47z+VqQfi9Q==
    dependencies:
      babel-plugin-transform-strict-mode "^6.24.1"
      babel-runtime "^6.26.0"
      babel-template "^6.26.0"
      babel-types "^6.26.0"
  
  babel-plugin-transform-es2015-modules-systemjs@^6.24.1:
    version "6.24.1"
    resolved "https://registry.yarnpkg.com/babel-plugin-transform-es2015-modules-systemjs/-/babel-plugin-transform-es2015-modules-systemjs-6.24.1.tgz#ff89a142b9119a906195f5f106ecf305d9407d23"
    integrity sha1-/4mhQrkRmpBhlfXxBuzzBdlAfSM=
    dependencies:
      babel-helper-hoist-variables "^6.24.1"
      babel-runtime "^6.22.0"
      babel-template "^6.24.1"
  
  babel-plugin-transform-es2015-modules-umd@^6.24.1:
    version "6.24.1"
    resolved "https://registry.yarnpkg.com/babel-plugin-transform-es2015-modules-umd/-/babel-plugin-transform-es2015-modules-umd-6.24.1.tgz#ac997e6285cd18ed6176adb607d602344ad38468"
    integrity sha1-rJl+YoXNGO1hdq22B9YCNErThGg=
    dependencies:
      babel-plugin-transform-es2015-modules-amd "^6.24.1"
      babel-runtime "^6.22.0"
      babel-template "^6.24.1"
  
  babel-plugin-transform-es2015-object-super@^6.24.1:
    version "6.24.1"
    resolved "https://registry.yarnpkg.com/babel-plugin-transform-es2015-object-super/-/babel-plugin-transform-es2015-object-super-6.24.1.tgz#24cef69ae21cb83a7f8603dad021f572eb278f8d"
    integrity sha1-JM72muIcuDp/hgPa0CH1cusnj40=
    dependencies:
      babel-helper-replace-supers "^6.24.1"
      babel-runtime "^6.22.0"
  
  babel-plugin-transform-es2015-parameters@^6.24.1:
    version "6.24.1"
    resolved "https://registry.yarnpkg.com/babel-plugin-transform-es2015-parameters/-/babel-plugin-transform-es2015-parameters-6.24.1.tgz#57ac351ab49caf14a97cd13b09f66fdf0a625f2b"
    integrity sha1-V6w1GrScrxSpfNE7CfZv3wpiXys=
    dependencies:
      babel-helper-call-delegate "^6.24.1"
      babel-helper-get-function-arity "^6.24.1"
      babel-runtime "^6.22.0"
      babel-template "^6.24.1"
      babel-traverse "^6.24.1"
      babel-types "^6.24.1"
  
  babel-plugin-transform-es2015-shorthand-properties@^6.24.1:
    version "6.24.1"
    resolved "https://registry.yarnpkg.com/babel-plugin-transform-es2015-shorthand-properties/-/babel-plugin-transform-es2015-shorthand-properties-6.24.1.tgz#24f875d6721c87661bbd99a4622e51f14de38aa0"
    integrity sha1-JPh11nIch2YbvZmkYi5R8U3jiqA=
    dependencies:
      babel-runtime "^6.22.0"
      babel-types "^6.24.1"
  
  babel-plugin-transform-es2015-spread@^6.22.0:
    version "6.22.0"
    resolved "https://registry.yarnpkg.com/babel-plugin-transform-es2015-spread/-/babel-plugin-transform-es2015-spread-6.22.0.tgz#d6d68a99f89aedc4536c81a542e8dd9f1746f8d1"
    integrity sha1-1taKmfia7cRTbIGlQujdnxdG+NE=
    dependencies:
      babel-runtime "^6.22.0"
  
  babel-plugin-transform-es2015-sticky-regex@^6.24.1:
    version "6.24.1"
    resolved "https://registry.yarnpkg.com/babel-plugin-transform-es2015-sticky-regex/-/babel-plugin-transform-es2015-sticky-regex-6.24.1.tgz#00c1cdb1aca71112cdf0cf6126c2ed6b457ccdbc"
    integrity sha1-AMHNsaynERLN8M9hJsLta0V8zbw=
    dependencies:
      babel-helper-regex "^6.24.1"
      babel-runtime "^6.22.0"
      babel-types "^6.24.1"
  
  babel-plugin-transform-es2015-template-literals@^6.22.0:
    version "6.22.0"
    resolved "https://registry.yarnpkg.com/babel-plugin-transform-es2015-template-literals/-/babel-plugin-transform-es2015-template-literals-6.22.0.tgz#a84b3450f7e9f8f1f6839d6d687da84bb1236d8d"
    integrity sha1-qEs0UPfp+PH2g51taH2oS7EjbY0=
    dependencies:
      babel-runtime "^6.22.0"
  
  babel-plugin-transform-es2015-typeof-symbol@^6.22.0:
    version "6.23.0"
    resolved "https://registry.yarnpkg.com/babel-plugin-transform-es2015-typeof-symbol/-/babel-plugin-transform-es2015-typeof-symbol-6.23.0.tgz#dec09f1cddff94b52ac73d505c84df59dcceb372"
    integrity sha1-3sCfHN3/lLUqxz1QXITfWdzOs3I=
    dependencies:
      babel-runtime "^6.22.0"
  
  babel-plugin-transform-es2015-unicode-regex@^6.24.1:
    version "6.24.1"
    resolved "https://registry.yarnpkg.com/babel-plugin-transform-es2015-unicode-regex/-/babel-plugin-transform-es2015-unicode-regex-6.24.1.tgz#d38b12f42ea7323f729387f18a7c5ae1faeb35e9"
    integrity sha1-04sS9C6nMj9yk4fxinxa4frrNek=
    dependencies:
      babel-helper-regex "^6.24.1"
      babel-runtime "^6.22.0"
      regexpu-core "^2.0.0"
  
  babel-plugin-transform-regenerator@^6.24.1:
    version "6.26.0"
    resolved "https://registry.yarnpkg.com/babel-plugin-transform-regenerator/-/babel-plugin-transform-regenerator-6.26.0.tgz#e0703696fbde27f0a3efcacf8b4dca2f7b3a8f2f"
    integrity sha1-4HA2lvveJ/Cj78rPi03KL3s6jy8=
    dependencies:
      regenerator-transform "^0.10.0"
  
  babel-plugin-transform-strict-mode@^6.24.1:
    version "6.24.1"
    resolved "https://registry.yarnpkg.com/babel-plugin-transform-strict-mode/-/babel-plugin-transform-strict-mode-6.24.1.tgz#d5faf7aa578a65bbe591cf5edae04a0c67020758"
    integrity sha1-1fr3qleKZbvlkc9e2uBKDGcCB1g=
    dependencies:
      babel-runtime "^6.22.0"
      babel-types "^6.24.1"
  
  babel-preset-es2015@^6.13.2:
    version "6.24.1"
    resolved "https://registry.yarnpkg.com/babel-preset-es2015/-/babel-preset-es2015-6.24.1.tgz#d44050d6bc2c9feea702aaf38d727a0210538939"
    integrity sha1-1EBQ1rwsn+6nAqrzjXJ6AhBTiTk=
    dependencies:
      babel-plugin-check-es2015-constants "^6.22.0"
      babel-plugin-transform-es2015-arrow-functions "^6.22.0"
      babel-plugin-transform-es2015-block-scoped-functions "^6.22.0"
      babel-plugin-transform-es2015-block-scoping "^6.24.1"
      babel-plugin-transform-es2015-classes "^6.24.1"
      babel-plugin-transform-es2015-computed-properties "^6.24.1"
      babel-plugin-transform-es2015-destructuring "^6.22.0"
      babel-plugin-transform-es2015-duplicate-keys "^6.24.1"
      babel-plugin-transform-es2015-for-of "^6.22.0"
      babel-plugin-transform-es2015-function-name "^6.24.1"
      babel-plugin-transform-es2015-literals "^6.22.0"
      babel-plugin-transform-es2015-modules-amd "^6.24.1"
      babel-plugin-transform-es2015-modules-commonjs "^6.24.1"
      babel-plugin-transform-es2015-modules-systemjs "^6.24.1"
      babel-plugin-transform-es2015-modules-umd "^6.24.1"
      babel-plugin-transform-es2015-object-super "^6.24.1"
      babel-plugin-transform-es2015-parameters "^6.24.1"
      babel-plugin-transform-es2015-shorthand-properties "^6.24.1"
      babel-plugin-transform-es2015-spread "^6.22.0"
      babel-plugin-transform-es2015-sticky-regex "^6.24.1"
      babel-plugin-transform-es2015-template-literals "^6.22.0"
      babel-plugin-transform-es2015-typeof-symbol "^6.22.0"
      babel-plugin-transform-es2015-unicode-regex "^6.24.1"
      babel-plugin-transform-regenerator "^6.24.1"
  
  babel-runtime@^6.18.0, babel-runtime@^6.22.0, babel-runtime@^6.26.0:
    version "6.26.0"
    resolved "https://registry.yarnpkg.com/babel-runtime/-/babel-runtime-6.26.0.tgz#965c7058668e82b55d7bfe04ff2337bc8b5647fe"
    integrity sha1-llxwWGaOgrVde/4E/yM3vItWR/4=
    dependencies:
      core-js "^2.4.0"
      regenerator-runtime "^0.11.0"
  
  babel-template@^6.24.1, babel-template@^6.26.0:
    version "6.26.0"
    resolved "https://registry.yarnpkg.com/babel-template/-/babel-template-6.26.0.tgz#de03e2d16396b069f46dd9fff8521fb1a0e35e02"
    integrity sha1-3gPi0WOWsGn0bdn/+FIfsaDjXgI=
    dependencies:
      babel-runtime "^6.26.0"
      babel-traverse "^6.26.0"
      babel-types "^6.26.0"
      babylon "^6.18.0"
      lodash "^4.17.4"
  
  babel-traverse@^6.24.1, babel-traverse@^6.26.0:
    version "6.26.0"
    resolved "https://registry.yarnpkg.com/babel-traverse/-/babel-traverse-6.26.0.tgz#46a9cbd7edcc62c8e5c064e2d2d8d0f4035766ee"
    integrity sha1-RqnL1+3MYsjlwGTi0tjQ9ANXZu4=
    dependencies:
      babel-code-frame "^6.26.0"
      babel-messages "^6.23.0"
      babel-runtime "^6.26.0"
      babel-types "^6.26.0"
      babylon "^6.18.0"
      debug "^2.6.8"
      globals "^9.18.0"
      invariant "^2.2.2"
      lodash "^4.17.4"
  
  babel-types@^6.19.0, babel-types@^6.24.1, babel-types@^6.26.0:
    version "6.26.0"
    resolved "https://registry.yarnpkg.com/babel-types/-/babel-types-6.26.0.tgz#a3b073f94ab49eb6fa55cd65227a334380632497"
    integrity sha1-o7Bz+Uq0nrb6Vc1lInozQ4BjJJc=
    dependencies:
      babel-runtime "^6.26.0"
      esutils "^2.0.2"
      lodash "^4.17.4"
      to-fast-properties "^1.0.3"
  
  babylon@^6.18.0:
    version "6.18.0"
    resolved "https://registry.yarnpkg.com/babylon/-/babylon-6.18.0.tgz#af2f3b88fa6f5c1e4c634d1a0f8eac4f55b395e3"
    integrity sha512-q/UEjfGJ2Cm3oKV71DJz9d25TPnq5rhBVL2Q4fA5wcC3jcrdn7+SssEybFIxwAvvP+YCsCYNKughoF33GxgycQ==
  
  balanced-match@^1.0.0:
    version "1.0.0"
    resolved "https://registry.yarnpkg.com/balanced-match/-/balanced-match-1.0.0.tgz#89b4d199ab2bee49de164ea02b89ce462d71b767"
    integrity sha1-ibTRmasr7kneFk6gK4nORi1xt2c=
  
  bluebird@^3.1.1:
    version "3.5.4"
    resolved "https://registry.yarnpkg.com/bluebird/-/bluebird-3.5.4.tgz#d6cc661595de30d5b3af5fcedd3c0b3ef6ec5714"
    integrity sha512-FG+nFEZChJrbQ9tIccIfZJBz3J7mLrAhxakAbnrJWn8d7aKOC+LWifa0G+p4ZqKp4y13T7juYvdhq9NzKdsrjw==
  
  boxen@^0.6.0:
    version "0.6.0"
    resolved "https://registry.yarnpkg.com/boxen/-/boxen-0.6.0.tgz#8364d4248ac34ff0ef1b2f2bf49a6c60ce0d81b6"
    integrity sha1-g2TUJIrDT/DvGy8r9JpsYM4NgbY=
    dependencies:
      ansi-align "^1.1.0"
      camelcase "^2.1.0"
      chalk "^1.1.1"
      cli-boxes "^1.0.0"
      filled-array "^1.0.0"
      object-assign "^4.0.1"
      repeating "^2.0.0"
      string-width "^1.0.1"
      widest-line "^1.0.0"
  
  brace-expansion@^1.1.7:
    version "1.1.11"
    resolved "https://registry.yarnpkg.com/brace-expansion/-/brace-expansion-1.1.11.tgz#3c7fcbf529d87226f3d2f52b966ff5271eb441dd"
    integrity sha512-iCuPHDFgrHX7H2vEI/5xpz07zSHB00TpugqhmYtVmMO6518mCuRMoOYFldEBl0g187ufozdaHgWKcYFb61qGiA==
    dependencies:
      balanced-match "^1.0.0"
      concat-map "0.0.1"
  
  buffer-from@^1.0.0:
    version "1.1.1"
    resolved "https://registry.yarnpkg.com/buffer-from/-/buffer-from-1.1.1.tgz#32713bc028f75c02fdb710d7c7bcec1f2c6070ef"
    integrity sha512-MQcXEUbCKtEo7bhqEs6560Hyd4XaovZlO/k9V3hjVUF/zwW7KBVdSK4gIt/bzwS9MbR5qob+F5jusZsb0YQK2A==
  
  camelcase@^2.1.0:
    version "2.1.1"
    resolved "https://registry.yarnpkg.com/camelcase/-/camelcase-2.1.1.tgz#7c1d16d679a1bbe59ca02cacecfb011e201f5a1f"
    integrity sha1-fB0W1nmhu+WcoCys7PsBHiAfWh8=
  
  capture-stack-trace@^1.0.0:
    version "1.0.1"
    resolved "https://registry.yarnpkg.com/capture-stack-trace/-/capture-stack-trace-1.0.1.tgz#a6c0bbe1f38f3aa0b92238ecb6ff42c344d4135d"
    integrity sha512-mYQLZnx5Qt1JgB1WEiMCf2647plpGeQ2NMR/5L0HNZzGQo4fuSPnK+wjfPnKZV0aiJDgzmWqqkV/g7JD+DW0qw==
  
  chalk@^1.0.0, chalk@^1.1.1, chalk@^1.1.3:
    version "1.1.3"
    resolved "https://registry.yarnpkg.com/chalk/-/chalk-1.1.3.tgz#a8115c55e4a702fe4d150abd3872822a7e09fc98"
    integrity sha1-qBFcVeSnAv5NFQq9OHKCKn4J/Jg=
    dependencies:
      ansi-styles "^2.2.1"
      escape-string-regexp "^1.0.2"
      has-ansi "^2.0.0"
      strip-ansi "^3.0.0"
      supports-color "^2.0.0"
  
  cli-boxes@^1.0.0:
    version "1.0.0"
    resolved "https://registry.yarnpkg.com/cli-boxes/-/cli-boxes-1.0.0.tgz#4fa917c3e59c94a004cd61f8ee509da651687143"
    integrity sha1-T6kXw+WclKAEzWH47lCdplFocUM=
  
  cli-cursor@^1.0.2:
    version "1.0.2"
    resolved "https://registry.yarnpkg.com/cli-cursor/-/cli-cursor-1.0.2.tgz#64da3f7d56a54412e59794bd62dc35295e8f2987"
    integrity sha1-ZNo/fValRBLll5S9Ytw1KV6PKYc=
    dependencies:
      restore-cursor "^1.0.1"
  
  cli-truncate@^0.2.1:
    version "0.2.1"
    resolved "https://registry.yarnpkg.com/cli-truncate/-/cli-truncate-0.2.1.tgz#9f15cfbb0705005369216c626ac7d05ab90dd574"
    integrity sha1-nxXPuwcFAFNpIWxiasfQWrkN1XQ=
    dependencies:
      slice-ansi "0.0.4"
      string-width "^1.0.1"
  
  clone@^1.0.2:
    version "1.0.4"
    resolved "https://registry.yarnpkg.com/clone/-/clone-1.0.4.tgz#da309cc263df15994c688ca902179ca3c7cd7c7e"
    integrity sha1-2jCcwmPfFZlMaIypAheco8fNfH4=
  
  code-point-at@^1.0.0:
    version "1.1.0"
    resolved "https://registry.yarnpkg.com/code-point-at/-/code-point-at-1.1.0.tgz#0d070b4d043a5bea33a2f1a40e2edb3d9a4ccf77"
    integrity sha1-DQcLTQQ6W+ozovGkDi7bPZpMz3c=
  
  colors@^1.1.2:
    version "1.3.3"
    resolved "https://registry.yarnpkg.com/colors/-/colors-1.3.3.tgz#39e005d546afe01e01f9c4ca8fa50f686a01205d"
    integrity sha512-mmGt/1pZqYRjMxB1axhTo16/snVZ5krrKkcmMeVKxzECMMXoCgnvTPp10QgHfcbQZw8Dq2jMNG6je4JlWU0gWg==
  
  columnify@^1.5.2:
    version "1.5.4"
    resolved "https://registry.yarnpkg.com/columnify/-/columnify-1.5.4.tgz#4737ddf1c7b69a8a7c340570782e947eec8e78bb"
    integrity sha1-Rzfd8ce2mop8NAVweC6UfuyOeLs=
    dependencies:
      strip-ansi "^3.0.0"
      wcwidth "^1.0.0"
  
  combined-stream@^1.0.6:
    version "1.0.7"
    resolved "https://registry.yarnpkg.com/combined-stream/-/combined-stream-1.0.7.tgz#2d1d24317afb8abe95d6d2c0b07b57813539d828"
    integrity sha512-brWl9y6vOB1xYPZcpZde3N9zDByXTosAeMDo4p1wzo6UMOX4vumB+TP1RZ76sfE6Md68Q0NJSrE/gbezd4Ul+w==
    dependencies:
      delayed-stream "~1.0.0"
  
  concat-map@0.0.1:
    version "0.0.1"
    resolved "https://registry.yarnpkg.com/concat-map/-/concat-map-0.0.1.tgz#d8a96bd77fd68df7793a73036a3ba0d5405d477b"
    integrity sha1-2Klr13/Wjfd5OnMDajug1UBdR3s=
  
  concat-stream@^1.4.7:
    version "1.6.2"
    resolved "https://registry.yarnpkg.com/concat-stream/-/concat-stream-1.6.2.tgz#904bdf194cd3122fc675c77fc4ac3d4ff0fd1a34"
    integrity sha512-27HBghJxjiZtIk3Ycvn/4kbJk/1uZuJFfuPEns6LaEvpvG1f0hTea8lilrouyo9mVc2GWdcEZ8OLoGmSADlrCw==
    dependencies:
      buffer-from "^1.0.0"
      inherits "^2.0.3"
      readable-stream "^2.2.2"
      typedarray "^0.0.6"
  
  configstore@^2.0.0:
    version "2.1.0"
    resolved "https://registry.yarnpkg.com/configstore/-/configstore-2.1.0.tgz#737a3a7036e9886102aa6099e47bb33ab1aba1a1"
    integrity sha1-c3o6cDbpiGECqmCZ5HuzOrGroaE=
    dependencies:
      dot-prop "^3.0.0"
      graceful-fs "^4.1.2"
      mkdirp "^0.5.0"
      object-assign "^4.0.1"
      os-tmpdir "^1.0.0"
      osenv "^0.1.0"
      uuid "^2.0.1"
      write-file-atomic "^1.1.2"
      xdg-basedir "^2.0.0"
  
  core-js@^2.4.0:
    version "2.6.5"
    resolved "https://registry.yarnpkg.com/core-js/-/core-js-2.6.5.tgz#44bc8d249e7fb2ff5d00e0341a7ffb94fbf67895"
    integrity sha512-klh/kDpwX8hryYL14M9w/xei6vrv6sE8gTHDG7/T/+SEovB/G4ejwcfE/CBzO6Edsu+OETZMZ3wcX/EjUkrl5A==
  
  core-util-is@~1.0.0:
    version "1.0.2"
    resolved "https://registry.yarnpkg.com/core-util-is/-/core-util-is-1.0.2.tgz#b5fd54220aa2bc5ab57aab7140c940754503c1a7"
    integrity sha1-tf1UIgqivFq1eqtxQMlAdUUDwac=
  
  create-error-class@^3.0.1:
    version "3.0.2"
    resolved "https://registry.yarnpkg.com/create-error-class/-/create-error-class-3.0.2.tgz#06be7abef947a3f14a30fd610671d401bca8b7b6"
    integrity sha1-Br56vvlHo/FKMP1hBnHUAbyot7Y=
    dependencies:
      capture-stack-trace "^1.0.0"
  
  debug@2, debug@^2.2.0, debug@^2.6.8:
    version "2.6.9"
    resolved "https://registry.yarnpkg.com/debug/-/debug-2.6.9.tgz#5d128515df134ff327e90a4c93f4e077a536341f"
    integrity sha512-bC7ElrdJaJnPbAP+1EotYvqZsb3ecl5wi6Bfi6BJTUcNowp6cvspg0jXznRTKDjm/E7AdgFBVeAPVMNcKGsHMA==
    dependencies:
      ms "2.0.0"
  
  deep-equal@~1.0.1:
    version "1.0.1"
    resolved "https://registry.yarnpkg.com/deep-equal/-/deep-equal-1.0.1.tgz#f5d260292b660e084eff4cdbc9f08ad3247448b5"
    integrity sha1-9dJgKStmDghO/0zbyfCK0yR0SLU=
  
  deep-extend@^0.6.0:
    version "0.6.0"
    resolved "https://registry.yarnpkg.com/deep-extend/-/deep-extend-0.6.0.tgz#c4fa7c95404a17a9c3e8ca7e1537312b736330ac"
    integrity sha512-LOHxIOaPYdHlJRtCQfDIVZtfw/ufM8+rVj649RIHzcm/vGwQRXFt6OPqIFWsm2XEMrNIEtWR64sY1LEKD2vAOA==
  
  defaults@^1.0.3:
    version "1.0.3"
    resolved "https://registry.yarnpkg.com/defaults/-/defaults-1.0.3.tgz#c656051e9817d9ff08ed881477f3fe4019f3ef7d"
    integrity sha1-xlYFHpgX2f8I7YgUd/P+QBnz730=
    dependencies:
      clone "^1.0.2"
  
  define-properties@^1.1.2:
    version "1.1.3"
    resolved "https://registry.yarnpkg.com/define-properties/-/define-properties-1.1.3.tgz#cf88da6cbee26fe6db7094f61d870cbd84cee9f1"
    integrity sha512-3MqfYKj2lLzdMSf8ZIZE/V+Zuy+BgD6f164e8K2w7dgnpKArBDerGYpM46IYYcjnkdPNMjPk9A6VFB8+3SKlXQ==
    dependencies:
      object-keys "^1.0.12"
  
  defined@~1.0.0:
    version "1.0.0"
    resolved "https://registry.yarnpkg.com/defined/-/defined-1.0.0.tgz#c98d9bcef75674188e110969151199e39b1fa693"
    integrity sha1-yY2bzvdWdBiOEQlpFRGZ45sfppM=
  
  delayed-stream@~1.0.0:
    version "1.0.0"
    resolved "https://registry.yarnpkg.com/delayed-stream/-/delayed-stream-1.0.0.tgz#df3ae199acadfb7d440aaae0b29e2272b24ec619"
    integrity sha1-3zrhmayt+31ECqrgsp4icrJOxhk=
  
  detect-indent@^4.0.0:
    version "4.0.0"
    resolved "https://registry.yarnpkg.com/detect-indent/-/detect-indent-4.0.0.tgz#f76d064352cdf43a1cb6ce619c4ee3a9475de208"
    integrity sha1-920GQ1LN9Docts5hnE7jqUdd4gg=
    dependencies:
      repeating "^2.0.0"
  
  diff@^2.2.1:
    version "2.2.3"
    resolved "https://registry.yarnpkg.com/diff/-/diff-2.2.3.tgz#60eafd0d28ee906e4e8ff0a52c1229521033bf99"
    integrity sha1-YOr9DSjukG5Oj/ClLBIpUhAzv5k=
  
  doctrine@^0.7.2:
    version "0.7.2"
    resolved "https://registry.yarnpkg.com/doctrine/-/doctrine-0.7.2.tgz#7cb860359ba3be90e040b26b729ce4bfa654c523"
    integrity sha1-fLhgNZujvpDgQLJrcpzkv6ZUxSM=
    dependencies:
      esutils "^1.1.6"
      isarray "0.0.1"
  
  dot-prop@^3.0.0:
    version "3.0.0"
    resolved "https://registry.yarnpkg.com/dot-prop/-/dot-prop-3.0.0.tgz#1b708af094a49c9a0e7dbcad790aba539dac1177"
    integrity sha1-G3CK8JSknJoOfbyteQq6U52sEXc=
    dependencies:
      is-obj "^1.0.0"
  
  duplexer2@^0.1.4:
    version "0.1.4"
    resolved "https://registry.yarnpkg.com/duplexer2/-/duplexer2-0.1.4.tgz#8b12dab878c0d69e3e7891051662a32fc6bddcc1"
    integrity sha1-ixLauHjA1p4+eJEFFmKjL8a93ME=
    dependencies:
      readable-stream "^2.0.2"
  
  elegant-spinner@^1.0.1:
    version "1.0.1"
    resolved "https://registry.yarnpkg.com/elegant-spinner/-/elegant-spinner-1.0.1.tgz#db043521c95d7e303fd8f345bedc3349cfb0729e"
    integrity sha1-2wQ1IcldfjA/2PNFvtwzSc+wcp4=
  
  error-ex@^1.2.0:
    version "1.3.2"
    resolved "https://registry.yarnpkg.com/error-ex/-/error-ex-1.3.2.tgz#b4ac40648107fdcdcfae242f428bea8a14d4f1bf"
    integrity sha512-7dFHNmqeFSEt2ZBsCriorKnn3Z2pj+fd9kmI6QoWw4//DL+icEBfc0U7qJCisqrTsKTjw4fNFy2pW9OqStD84g==
    dependencies:
      is-arrayish "^0.2.1"
  
  es-abstract@^1.5.0:
    version "1.13.0"
    resolved "https://registry.yarnpkg.com/es-abstract/-/es-abstract-1.13.0.tgz#ac86145fdd5099d8dd49558ccba2eaf9b88e24e9"
    integrity sha512-vDZfg/ykNxQVwup/8E1BZhVzFfBxs9NqMzGcvIJrqg5k2/5Za2bWo40dK2J1pgLngZ7c+Shh8lwYtLGyrwPutg==
    dependencies:
      es-to-primitive "^1.2.0"
      function-bind "^1.1.1"
      has "^1.0.3"
      is-callable "^1.1.4"
      is-regex "^1.0.4"
      object-keys "^1.0.12"
  
  es-to-primitive@^1.2.0:
    version "1.2.0"
    resolved "https://registry.yarnpkg.com/es-to-primitive/-/es-to-primitive-1.2.0.tgz#edf72478033456e8dda8ef09e00ad9650707f377"
    integrity sha512-qZryBOJjV//LaxLTV6UC//WewneB3LcXOL9NP++ozKVXsIIIpm/2c13UDiD9Jp2eThsecw9m3jPqDwTyobcdbg==
    dependencies:
      is-callable "^1.1.4"
      is-date-object "^1.0.1"
      is-symbol "^1.0.2"
  
  escape-string-regexp@^1.0.2:
    version "1.0.5"
    resolved "https://registry.yarnpkg.com/escape-string-regexp/-/escape-string-regexp-1.0.5.tgz#1b61c0562190a8dff6ae3bb2cf0200ca130b86d4"
    integrity sha1-G2HAViGQqN/2rjuyzwIAyhMLhtQ=
  
  esutils@^1.1.6:
    version "1.1.6"
    resolved "https://registry.yarnpkg.com/esutils/-/esutils-1.1.6.tgz#c01ccaa9ae4b897c6d0c3e210ae52f3c7a844375"
    integrity sha1-wBzKqa5LiXxtDD4hCuUvPHqEQ3U=
  
  esutils@^2.0.2:
    version "2.0.2"
    resolved "https://registry.yarnpkg.com/esutils/-/esutils-2.0.2.tgz#0abf4f1caa5bcb1f7a9d8acc6dea4faaa04bac9b"
    integrity sha1-Cr9PHKpbyx96nYrMbepPqqBLrJs=
  
  exit-hook@^1.0.0:
    version "1.1.1"
    resolved "https://registry.yarnpkg.com/exit-hook/-/exit-hook-1.1.1.tgz#f05ca233b48c05d54fff07765df8507e95c02ff8"
    integrity sha1-8FyiM7SMBdVP/wd2XfhQfpXAL/g=
  
  extend@3, extend@~3.0.0:
    version "3.0.2"
    resolved "https://registry.yarnpkg.com/extend/-/extend-3.0.2.tgz#f8b1136b4071fbd8eb140aff858b1019ec2915fa"
    integrity sha512-fjquC59cD7CyW6urNXK0FBufkZcoiGG80wTuPujX590cB5Ttln20E2UB4S/WARVqhXffZl2LNgS+gQdPIIim/g==
  
  filled-array@^1.0.0:
    version "1.1.0"
    resolved "https://registry.yarnpkg.com/filled-array/-/filled-array-1.1.0.tgz#c3c4f6c663b923459a9aa29912d2d031f1507f84"
    integrity sha1-w8T2xmO5I0WamqKZEtLQMfFQf4Q=
  
  findup-sync@~0.3.0:
    version "0.3.0"
    resolved "https://registry.yarnpkg.com/findup-sync/-/findup-sync-0.3.0.tgz#37930aa5d816b777c03445e1966cc6790a4c0b16"
    integrity sha1-N5MKpdgWt3fANEXhlmzGeQpMCxY=
    dependencies:
      glob "~5.0.0"
  
  for-each@~0.3.3:
    version "0.3.3"
    resolved "https://registry.yarnpkg.com/for-each/-/for-each-0.3.3.tgz#69b447e88a0a5d32c3e7084f3f1710034b21376e"
    integrity sha512-jqYfLp7mo9vIyQf8ykW2v7A+2N4QjeCeI5+Dz9XraiO1ign81wjiH7Fb9vSOWvQfNtmSa4H2RoQTrrXivdUZmw==
    dependencies:
      is-callable "^1.1.3"
  
  form-data@^2.0.0:
    version "2.3.3"
    resolved "https://registry.yarnpkg.com/form-data/-/form-data-2.3.3.tgz#dcce52c05f644f298c6a7ab936bd724ceffbf3a6"
    integrity sha512-1lLKB2Mu3aGP1Q/2eCOx0fNbRMe7XdwktwOruhfqqd0rIJWwN4Dh+E3hrPSlDCXnSR7UtZ1N38rVXm+6+MEhJQ==
    dependencies:
      asynckit "^0.4.0"
      combined-stream "^1.0.6"
      mime-types "^2.1.12"
  
  fs.realpath@^1.0.0:
    version "1.0.0"
    resolved "https://registry.yarnpkg.com/fs.realpath/-/fs.realpath-1.0.0.tgz#1504ad2523158caa40db4a2787cb01411994ea4f"
    integrity sha1-FQStJSMVjKpA20onh8sBQRmU6k8=
  
  function-bind@^1.0.2, function-bind@^1.1.1, function-bind@~1.1.1:
    version "1.1.1"
    resolved "https://registry.yarnpkg.com/function-bind/-/function-bind-1.1.1.tgz#a56899d3ea3c9bab874bb9773b7c5ede92f4895d"
    integrity sha512-yIovAzMX49sF8Yl58fSCWJ5svSLuaibPxXQJFLmBObTuCr0Mf1KiPopGM9NiFjiYBCbfaa2Fh6breQ6ANVTI0A==
  
  glob@^7.0.3, glob@^7.1.3, glob@~7.1.3:
    version "7.1.3"
    resolved "https://registry.yarnpkg.com/glob/-/glob-7.1.3.tgz#3960832d3f1574108342dafd3a67b332c0969df1"
    integrity sha512-vcfuiIxogLV4DlGBHIUOwI0IbrJ8HWPc4MU7HzviGeNho/UJDfi6B5p3sHeWIQ0KGIU0Jpxi5ZHxemQfLkkAwQ==
    dependencies:
      fs.realpath "^1.0.0"
      inflight "^1.0.4"
      inherits "2"
      minimatch "^3.0.4"
      once "^1.3.0"
      path-is-absolute "^1.0.0"
  
  glob@~5.0.0:
    version "5.0.15"
    resolved "https://registry.yarnpkg.com/glob/-/glob-5.0.15.tgz#1bc936b9e02f4a603fcc222ecf7633d30b8b93b1"
    integrity sha1-G8k2ueAvSmA/zCIuz3Yz0wuLk7E=
    dependencies:
      inflight "^1.0.4"
      inherits "2"
      minimatch "2 || 3"
      once "^1.3.0"
      path-is-absolute "^1.0.0"
  
  globals@^9.18.0:
    version "9.18.0"
    resolved "https://registry.yarnpkg.com/globals/-/globals-9.18.0.tgz#aa3896b3e69b487f17e31ed2143d69a8e30c2d8a"
    integrity sha512-S0nG3CLEQiY/ILxqtztTWH/3iRRdyBLw6KMDxnKMchrtbj2OFmehVh0WUCfW3DUrIgx/qFrJPICrq4Z4sTR9UQ==
  
  got@^5.0.0:
    version "5.7.1"
    resolved "https://registry.yarnpkg.com/got/-/got-5.7.1.tgz#5f81635a61e4a6589f180569ea4e381680a51f35"
    integrity sha1-X4FjWmHkplifGAVp6k44FoClHzU=
    dependencies:
      create-error-class "^3.0.1"
      duplexer2 "^0.1.4"
      is-redirect "^1.0.0"
      is-retry-allowed "^1.0.0"
      is-stream "^1.0.0"
      lowercase-keys "^1.0.0"
      node-status-codes "^1.0.0"
      object-assign "^4.0.1"
      parse-json "^2.1.0"
      pinkie-promise "^2.0.0"
      read-all-stream "^3.0.0"
      readable-stream "^2.0.5"
      timed-out "^3.0.0"
      unzip-response "^1.0.2"
      url-parse-lax "^1.0.0"
  
  graceful-fs@^4.1.11, graceful-fs@^4.1.2:
    version "4.1.15"
    resolved "https://registry.yarnpkg.com/graceful-fs/-/graceful-fs-4.1.15.tgz#ffb703e1066e8a0eeaa4c8b80ba9253eeefbfb00"
    integrity sha512-6uHUhOPEBgQ24HM+r6b/QwWfZq+yiFcipKFrOFiBEnWdy5sdzYoi+pJeQaPI5qOLRFqWmAXUPQNsielzdLoecA==
  
  has-ansi@^2.0.0:
    version "2.0.0"
    resolved "https://registry.yarnpkg.com/has-ansi/-/has-ansi-2.0.0.tgz#34f5049ce1ecdf2b0649af3ef24e45ed35416d91"
    integrity sha1-NPUEnOHs3ysGSa8+8k5F7TVBbZE=
    dependencies:
      ansi-regex "^2.0.0"
  
  has-symbols@^1.0.0:
    version "1.0.0"
    resolved "https://registry.yarnpkg.com/has-symbols/-/has-symbols-1.0.0.tgz#ba1a8f1af2a0fc39650f5c850367704122063b44"
    integrity sha1-uhqPGvKg/DllD1yFA2dwQSIGO0Q=
  
  has-unicode@^2.0.1:
    version "2.0.1"
    resolved "https://registry.yarnpkg.com/has-unicode/-/has-unicode-2.0.1.tgz#e0e6fe6a28cf51138855e086d1691e771de2a8b9"
    integrity sha1-4Ob+aijPUROIVeCG0Wkedx3iqLk=
  
  has@^1.0.1, has@^1.0.3, has@~1.0.3:
    version "1.0.3"
    resolved "https://registry.yarnpkg.com/has/-/has-1.0.3.tgz#722d7cbfc1f6aa8241f16dd814e011e1f41e8796"
    integrity sha512-f2dvO0VU6Oej7RkWJGrehjbzMAjFp5/VKPp5tTpWIV4JHHZK1/BxbFRtf/siA2SWTe09caDmVtYYzWEIbBS4zw==
    dependencies:
      function-bind "^1.1.1"
  
  http-proxy-agent@^1.0.0:
    version "1.0.0"
    resolved "https://registry.yarnpkg.com/http-proxy-agent/-/http-proxy-agent-1.0.0.tgz#cc1ce38e453bf984a0f7702d2dd59c73d081284a"
    integrity sha1-zBzjjkU7+YSg93AtLdWcc9CBKEo=
    dependencies:
      agent-base "2"
      debug "2"
      extend "3"
  
  https-proxy-agent@^1.0.0:
    version "1.0.0"
    resolved "https://registry.yarnpkg.com/https-proxy-agent/-/https-proxy-agent-1.0.0.tgz#35f7da6c48ce4ddbfa264891ac593ee5ff8671e6"
    integrity sha1-NffabEjOTdv6JkiRrFk+5f+GceY=
    dependencies:
      agent-base "2"
      debug "2"
      extend "3"
  
  immutable@^3.8.2:
    version "3.8.2"
    resolved "https://registry.yarnpkg.com/immutable/-/immutable-3.8.2.tgz#c2439951455bb39913daf281376f1530e104adf3"
    integrity sha1-wkOZUUVbs5kT2vKBN28VMOEErfM=
  
  imurmurhash@^0.1.4:
    version "0.1.4"
    resolved "https://registry.yarnpkg.com/imurmurhash/-/imurmurhash-0.1.4.tgz#9218b9b2b928a238b13dc4fb6b6d576f231453ea"
    integrity sha1-khi5srkoojixPcT7a21XbyMUU+o=
  
  inflight@^1.0.4:
    version "1.0.6"
    resolved "https://registry.yarnpkg.com/inflight/-/inflight-1.0.6.tgz#49bd6331d7d02d0c09bc910a1075ba8165b56df9"
    integrity sha1-Sb1jMdfQLQwJvJEKEHW6gWW1bfk=
    dependencies:
      once "^1.3.0"
      wrappy "1"
  
  inherits@2, inherits@^2.0.3, inherits@~2.0.3:
    version "2.0.3"
    resolved "https://registry.yarnpkg.com/inherits/-/inherits-2.0.3.tgz#633c2c83e3da42a502f52466022480f4208261de"
    integrity sha1-Yzwsg+PaQqUC9SRmAiSA9CCCYd4=
  
  ini@~1.3.0:
    version "1.3.5"
    resolved "https://registry.yarnpkg.com/ini/-/ini-1.3.5.tgz#eee25f56db1c9ec6085e0c22778083f596abf927"
    integrity sha512-RZY5huIKCMRWDUqZlEi72f/lmXKMvuszcMBduliQ3nnWbx9X/ZBQO7DijMEYS9EhHBb2qacRUMtC7svLwe0lcw==
  
  invariant@^2.2.0, invariant@^2.2.2:
    version "2.2.4"
    resolved "https://registry.yarnpkg.com/invariant/-/invariant-2.2.4.tgz#610f3c92c9359ce1db616e538008d23ff35158e6"
    integrity sha512-phJfQVBuaJM5raOpJjSfkiD6BpbCE4Ns//LaXl6wGYtUBY83nWS6Rf9tXm2e8VaK60JEjYldbPif/A2B1C2gNA==
    dependencies:
      loose-envify "^1.0.0"
  
  is-absolute@^0.2.3:
    version "0.2.6"
    resolved "https://registry.yarnpkg.com/is-absolute/-/is-absolute-0.2.6.tgz#20de69f3db942ef2d87b9c2da36f172235b1b5eb"
    integrity sha1-IN5p89uULvLYe5wto28XIjWxtes=
    dependencies:
      is-relative "^0.2.1"
      is-windows "^0.2.0"
  
  is-arrayish@^0.2.1:
    version "0.2.1"
    resolved "https://registry.yarnpkg.com/is-arrayish/-/is-arrayish-0.2.1.tgz#77c99840527aa8ecb1a8ba697b80645a7a926a9d"
    integrity sha1-d8mYQFJ6qOyxqLppe4BkWnqSap0=
  
  is-callable@^1.1.3, is-callable@^1.1.4:
    version "1.1.4"
    resolved "https://registry.yarnpkg.com/is-callable/-/is-callable-1.1.4.tgz#1e1adf219e1eeb684d691f9d6a05ff0d30a24d75"
    integrity sha512-r5p9sxJjYnArLjObpjA4xu5EKI3CuKHkJXMhT7kwbpUyIFD1n5PMAsoPvWnvtZiNz7LjkYDRZhd7FlI0eMijEA==
  
  is-date-object@^1.0.1:
    version "1.0.1"
    resolved "https://registry.yarnpkg.com/is-date-object/-/is-date-object-1.0.1.tgz#9aa20eb6aeebbff77fbd33e74ca01b33581d3a16"
    integrity sha1-mqIOtq7rv/d/vTPnTKAbM1gdOhY=
  
  is-finite@^1.0.0:
    version "1.0.2"
    resolved "https://registry.yarnpkg.com/is-finite/-/is-finite-1.0.2.tgz#cc6677695602be550ef11e8b4aa6305342b6d0aa"
    integrity sha1-zGZ3aVYCvlUO8R6LSqYwU0K20Ko=
    dependencies:
      number-is-nan "^1.0.0"
  
  is-fullwidth-code-point@^1.0.0:
    version "1.0.0"
    resolved "https://registry.yarnpkg.com/is-fullwidth-code-point/-/is-fullwidth-code-point-1.0.0.tgz#ef9e31386f031a7f0d643af82fde50c457ef00cb"
    integrity sha1-754xOG8DGn8NZDr4L95QxFfvAMs=
    dependencies:
      number-is-nan "^1.0.0"
  
  is-npm@^1.0.0:
    version "1.0.0"
    resolved "https://registry.yarnpkg.com/is-npm/-/is-npm-1.0.0.tgz#f2fb63a65e4905b406c86072765a1a4dc793b9f4"
    integrity sha1-8vtjpl5JBbQGyGBydloaTceTufQ=
  
  is-obj@^1.0.0:
    version "1.0.1"
    resolved "https://registry.yarnpkg.com/is-obj/-/is-obj-1.0.1.tgz#3e4729ac1f5fde025cd7d83a896dab9f4f67db0f"
    integrity sha1-PkcprB9f3gJc19g6iW2rn09n2w8=
  
  is-plain-obj@^1.0.0:
    version "1.1.0"
    resolved "https://registry.yarnpkg.com/is-plain-obj/-/is-plain-obj-1.1.0.tgz#71a50c8429dfca773c92a390a4a03b39fcd51d3e"
    integrity sha1-caUMhCnfync8kqOQpKA7OfzVHT4=
  
  is-redirect@^1.0.0:
    version "1.0.0"
    resolved "https://registry.yarnpkg.com/is-redirect/-/is-redirect-1.0.0.tgz#1d03dded53bd8db0f30c26e4f95d36fc7c87dc24"
    integrity sha1-HQPd7VO9jbDzDCbk+V02/HyH3CQ=
  
  is-regex@^1.0.4:
    version "1.0.4"
    resolved "https://registry.yarnpkg.com/is-regex/-/is-regex-1.0.4.tgz#5517489b547091b0930e095654ced25ee97e9491"
    integrity sha1-VRdIm1RwkbCTDglWVM7SXul+lJE=
    dependencies:
      has "^1.0.1"
  
  is-relative@^0.2.1:
    version "0.2.1"
    resolved "https://registry.yarnpkg.com/is-relative/-/is-relative-0.2.1.tgz#d27f4c7d516d175fb610db84bbeef23c3bc97aa5"
    integrity sha1-0n9MfVFtF1+2ENuEu+7yPDvJeqU=
    dependencies:
      is-unc-path "^0.1.1"
  
  is-retry-allowed@^1.0.0:
    version "1.1.0"
    resolved "https://registry.yarnpkg.com/is-retry-allowed/-/is-retry-allowed-1.1.0.tgz#11a060568b67339444033d0125a61a20d564fb34"
    integrity sha1-EaBgVotnM5REAz0BJaYaINVk+zQ=
  
  is-stream@^1.0.0:
    version "1.1.0"
    resolved "https://registry.yarnpkg.com/is-stream/-/is-stream-1.1.0.tgz#12d4a3dd4e68e0b79ceb8dbc84173ae80d91ca44"
    integrity sha1-EtSj3U5o4Lec6428hBc66A2RykQ=
  
  is-symbol@^1.0.2:
    version "1.0.2"
    resolved "https://registry.yarnpkg.com/is-symbol/-/is-symbol-1.0.2.tgz#a055f6ae57192caee329e7a860118b497a950f38"
    integrity sha512-HS8bZ9ox60yCJLH9snBpIwv9pYUAkcuLhSA1oero1UB5y9aiQpRA8y2ex945AOtCZL1lJDeIk3G5LthswI46Lw==
    dependencies:
      has-symbols "^1.0.0"
  
  is-unc-path@^0.1.1:
    version "0.1.2"
    resolved "https://registry.yarnpkg.com/is-unc-path/-/is-unc-path-0.1.2.tgz#6ab053a72573c10250ff416a3814c35178af39b9"
    integrity sha1-arBTpyVzwQJQ/0FqOBTDUXivObk=
    dependencies:
      unc-path-regex "^0.1.0"
  
  is-utf8@^0.2.0:
    version "0.2.1"
    resolved "https://registry.yarnpkg.com/is-utf8/-/is-utf8-0.2.1.tgz#4b0da1442104d1b336340e80797e865cf39f7d72"
    integrity sha1-Sw2hRCEE0bM2NA6AeX6GXPOffXI=
  
  is-windows@^0.2.0:
    version "0.2.0"
    resolved "https://registry.yarnpkg.com/is-windows/-/is-windows-0.2.0.tgz#de1aa6d63ea29dd248737b69f1ff8b8002d2108c"
    integrity sha1-3hqm1j6indJIc3tp8f+LgALSEIw=
  
  isarray@0.0.1:
    version "0.0.1"
    resolved "https://registry.yarnpkg.com/isarray/-/isarray-0.0.1.tgz#8a18acfca9a8f4177e09abfc6038939b05d1eedf"
    integrity sha1-ihis/Kmo9Bd+Cav8YDiTmwXR7t8=
  
  isarray@~1.0.0:
    version "1.0.0"
    resolved "https://registry.yarnpkg.com/isarray/-/isarray-1.0.0.tgz#bb935d48582cba168c06834957a54a3e07124f11"
    integrity sha1-u5NdSFgsuhaMBoNJV6VKPgcSTxE=
  
  isobject@^3.0.1:
    version "3.0.1"
    resolved "https://registry.yarnpkg.com/isobject/-/isobject-3.0.1.tgz#4e431e92b11a9731636aa1f9c8d1ccbcfdab78df"
    integrity sha1-TkMekrEalzFjaqH5yNHMvP2reN8=
  
  "js-tokens@^3.0.0 || ^4.0.0":
    version "4.0.0"
    resolved "https://registry.yarnpkg.com/js-tokens/-/js-tokens-4.0.0.tgz#19203fb59991df98e3a287050d4647cdeaf32499"
    integrity sha512-RdJUflcE3cUzKiMqQgsCu06FPu9UdIJO0beYbPhHN4k6apgJtifcoCtT9bcxOpYBtpD2kCM6Sbzg4CausW/PKQ==
  
  js-tokens@^3.0.2:
    version "3.0.2"
    resolved "https://registry.yarnpkg.com/js-tokens/-/js-tokens-3.0.2.tgz#9866df395102130e38f7f996bceb65443209c25b"
    integrity sha1-mGbfOVECEw449/mWvOtlRDIJwls=
  
  jsesc@~0.5.0:
    version "0.5.0"
    resolved "https://registry.yarnpkg.com/jsesc/-/jsesc-0.5.0.tgz#e7dee66e35d6fc16f710fe91d5cf69f70f08911d"
    integrity sha1-597mbjXW/Bb3EP6R1c9p9w8IkR0=
  
  latest-version@^2.0.0:
    version "2.0.0"
    resolved "https://registry.yarnpkg.com/latest-version/-/latest-version-2.0.0.tgz#56f8d6139620847b8017f8f1f4d78e211324168b"
    integrity sha1-VvjWE5YghHuAF/jx9NeOIRMkFos=
    dependencies:
      package-json "^2.0.0"
  
  lazy-req@^1.1.0:
    version "1.1.0"
    resolved "https://registry.yarnpkg.com/lazy-req/-/lazy-req-1.1.0.tgz#bdaebead30f8d824039ce0ce149d4daa07ba1fac"
    integrity sha1-va6+rTD42CQDnODOFJ1Nqge6H6w=
  
  listify@^1.0.0:
    version "1.0.0"
    resolved "https://registry.yarnpkg.com/listify/-/listify-1.0.0.tgz#03ca7ba2d150d4267773f74e57558d1053d2bee3"
    integrity sha1-A8p7otFQ1CZ3c/dOV1WNEFPSvuM=
  
  lockfile@^1.0.1:
    version "1.0.4"
    resolved "https://registry.yarnpkg.com/lockfile/-/lockfile-1.0.4.tgz#07f819d25ae48f87e538e6578b6964a4981a5609"
    integrity sha512-cvbTwETRfsFh4nHsL1eGWapU1XFi5Ot9E85sWAwia7Y7EgB7vfqcZhTKZ+l7hCGxSPoushMv5GKhT5PdLv03WA==
    dependencies:
      signal-exit "^3.0.2"
  
  lodash@^4.17.11, lodash@^4.17.4:
    version "4.17.11"
    resolved "https://registry.yarnpkg.com/lodash/-/lodash-4.17.11.tgz#b39ea6229ef607ecd89e2c8df12536891cac9b8d"
    integrity sha512-cQKh8igo5QUhZ7lg38DYWAxMvjSAKG0A8wGSVimP07SIUEK2UO+arSRKbRZWtelMtN5V0Hkwh5ryOto/SshYIg==
  
  log-update@^1.0.2:
    version "1.0.2"
    resolved "https://registry.yarnpkg.com/log-update/-/log-update-1.0.2.tgz#19929f64c4093d2d2e7075a1dad8af59c296b8d1"
    integrity sha1-GZKfZMQJPS0ucHWh2tivWcKWuNE=
    dependencies:
      ansi-escapes "^1.0.0"
      cli-cursor "^1.0.2"
  
  loose-envify@^1.0.0:
    version "1.4.0"
    resolved "https://registry.yarnpkg.com/loose-envify/-/loose-envify-1.4.0.tgz#71ee51fa7be4caec1a63839f7e682d8132d30caf"
    integrity sha512-lyuxPGr/Wfhrlem2CL/UcnUc1zcqKAImBDzukY7Y5F/yQiNdko6+fRLevlw1HgMySw7f611UIY408EtxRSoK3Q==
    dependencies:
      js-tokens "^3.0.0 || ^4.0.0"
  
  lowercase-keys@^1.0.0:
    version "1.0.1"
    resolved "https://registry.yarnpkg.com/lowercase-keys/-/lowercase-keys-1.0.1.tgz#6f9e30b47084d971a7c820ff15a6c5167b74c26f"
    integrity sha512-G2Lj61tXDnVFFOi8VZds+SoQjtQC3dgokKdDG2mTm1tx4m50NUHBOZSBwQQHyy0V12A0JTG4icfZQH+xPyh8VA==
  
  make-error-cause@^1.2.1:
    version "1.2.2"
    resolved "https://registry.yarnpkg.com/make-error-cause/-/make-error-cause-1.2.2.tgz#df0388fcd0b37816dff0a5fb8108939777dcbc9d"
    integrity sha1-3wOI/NCzeBbf8KX7gQiTl3fcvJ0=
    dependencies:
      make-error "^1.2.0"
  
  make-error@^1.2.0:
    version "1.3.5"
    resolved "https://registry.yarnpkg.com/make-error/-/make-error-1.3.5.tgz#efe4e81f6db28cadd605c70f29c831b58ef776c8"
    integrity sha512-c3sIjNUow0+8swNwVpqoH4YCShKNFkMaw6oH1mNS2haDZQqkeZFlHS3dhoeEbKKmJB4vXpJucU6oH75aDYeE9g==
  
  mime-db@1.40.0:
    version "1.40.0"
    resolved "https://registry.yarnpkg.com/mime-db/-/mime-db-1.40.0.tgz#a65057e998db090f732a68f6c276d387d4126c32"
    integrity sha512-jYdeOMPy9vnxEqFRRo6ZvTZ8d9oPb+k18PKoYNYUe2stVEBPPwsln/qWzdbmaIvnhZ9v2P+CuecK+fpUfsV2mA==
  
  mime-types@^2.1.12:
    version "2.1.24"
    resolved "https://registry.yarnpkg.com/mime-types/-/mime-types-2.1.24.tgz#b6f8d0b3e951efb77dedeca194cff6d16f676f81"
    integrity sha512-WaFHS3MCl5fapm3oLxU4eYDw77IQM2ACcxQ9RIxfaC3ooc6PFuBMGZZsYpvoXS5D5QTWPieo1jjLdAm3TBP3cQ==
    dependencies:
      mime-db "1.40.0"
  
  "minimatch@2 || 3", minimatch@^3.0.4:
    version "3.0.4"
    resolved "https://registry.yarnpkg.com/minimatch/-/minimatch-3.0.4.tgz#5166e286457f03306064be5497e8dbb0c3d32083"
    integrity sha512-yJHVQEhyqPLUTgt9B83PXu6W3rx4MvvHvSUvToogpwoGDOUQ+yDrR0HRot+yOCdCO7u4hX3pWft6kWBBcqh0UA==
    dependencies:
      brace-expansion "^1.1.7"
  
  minimist@0.0.8:
    version "0.0.8"
    resolved "https://registry.yarnpkg.com/minimist/-/minimist-0.0.8.tgz#857fcabfc3397d2625b8228262e86aa7a011b05d"
    integrity sha1-hX/Kv8M5fSYluCKCYuhqp6ARsF0=
  
  minimist@^1.2.0, minimist@~1.2.0:
    version "1.2.0"
    resolved "https://registry.yarnpkg.com/minimist/-/minimist-1.2.0.tgz#a35008b20f41383eec1fb914f4cd5df79a264284"
    integrity sha1-o1AIsg9BOD7sH7kU9M1d95omQoQ=
  
  minimist@~0.0.1:
    version "0.0.10"
    resolved "https://registry.yarnpkg.com/minimist/-/minimist-0.0.10.tgz#de3f98543dbf96082be48ad1a0c7cda836301dcf"
    integrity sha1-3j+YVD2/lggr5IrRoMfNqDYwHc8=
  
  mkdirp@^0.5.0, mkdirp@^0.5.1:
    version "0.5.1"
    resolved "https://registry.yarnpkg.com/mkdirp/-/mkdirp-0.5.1.tgz#30057438eac6cf7f8c4767f38648d6697d75c903"
    integrity sha1-MAV0OOrGz3+MR2fzhkjWaX11yQM=
    dependencies:
      minimist "0.0.8"
  
  ms@2.0.0:
    version "2.0.0"
    resolved "https://registry.yarnpkg.com/ms/-/ms-2.0.0.tgz#5608aeadfc00be6c2901df5f9861788de0d597c8"
    integrity sha1-VgiurfwAvmwpAd9fmGF4jeDVl8g=
  
  node-status-codes@^1.0.0:
    version "1.0.0"
    resolved "https://registry.yarnpkg.com/node-status-codes/-/node-status-codes-1.0.0.tgz#5ae5541d024645d32a58fcddc9ceecea7ae3ac2f"
    integrity sha1-WuVUHQJGRdMqWPzdyc7s6nrjrC8=
  
  nopt@~1.0.10:
    version "1.0.10"
    resolved "https://registry.yarnpkg.com/nopt/-/nopt-1.0.10.tgz#6ddd21bd2a31417b92727dd585f8a6f37608ebee"
    integrity sha1-bd0hvSoxQXuScn3Vhfim83YI6+4=
    dependencies:
      abbrev "1"
  
  number-is-nan@^1.0.0:
    version "1.0.1"
    resolved "https://registry.yarnpkg.com/number-is-nan/-/number-is-nan-1.0.1.tgz#097b602b53422a522c1afb8790318336941a011d"
    integrity sha1-CXtgK1NCKlIsGvuHkDGDNpQaAR0=
  
  object-assign@^4.0.1:
    version "4.1.1"
    resolved "https://registry.yarnpkg.com/object-assign/-/object-assign-4.1.1.tgz#2109adc7965887cfc05cbbd442cac8bfbb360863"
    integrity sha1-IQmtx5ZYh8/AXLvUQsrIv7s2CGM=
  
  object-inspect@~1.6.0:
    version "1.6.0"
    resolved "https://registry.yarnpkg.com/object-inspect/-/object-inspect-1.6.0.tgz#c70b6cbf72f274aab4c34c0c82f5167bf82cf15b"
    integrity sha512-GJzfBZ6DgDAmnuaM3104jR4s1Myxr3Y3zfIyN4z3UdqN69oSRacNK8UhnobDdC+7J2AHCjGwxQubNJfE70SXXQ==
  
  object-keys@^1.0.12:
    version "1.1.1"
    resolved "https://registry.yarnpkg.com/object-keys/-/object-keys-1.1.1.tgz#1c47f272df277f3b1daf061677d9c82e2322c60e"
    integrity sha512-NuAESUOUMrlIXOfHKzD6bpPu3tYt3xvjNdRIQ+FeT0lNb4K8WR70CaDxhuNguS2XG+GjkyMwOzsN5ZktImfhLA==
  
  object.pick@^1.1.1:
    version "1.3.0"
    resolved "https://registry.yarnpkg.com/object.pick/-/object.pick-1.3.0.tgz#87a10ac4c1694bd2e1cbf53591a66141fb5dd747"
    integrity sha1-h6EKxMFpS9Lhy/U1kaZhQftd10c=
    dependencies:
      isobject "^3.0.1"
  
  once@^1.3.0:
    version "1.4.0"
    resolved "https://registry.yarnpkg.com/once/-/once-1.4.0.tgz#583b1aa775961d4b113ac17d9c50baef9dd76bd1"
    integrity sha1-WDsap3WWHUsROsF9nFC6753Xa9E=
    dependencies:
      wrappy "1"
  
  onetime@^1.0.0:
    version "1.1.0"
    resolved "https://registry.yarnpkg.com/onetime/-/onetime-1.1.0.tgz#a1f7838f8314c516f05ecefcbc4ccfe04b4ed789"
    integrity sha1-ofeDj4MUxRbwXs78vEzP4EtO14k=
  
  optimist@~0.6.0:
    version "0.6.1"
    resolved "https://registry.yarnpkg.com/optimist/-/optimist-0.6.1.tgz#da3ea74686fa21a19a111c326e90eb15a0196686"
    integrity sha1-2j6nRob6IaGaERwybpDrFaAZZoY=
    dependencies:
      minimist "~0.0.1"
      wordwrap "~0.0.2"
  
  os-homedir@^1.0.0:
    version "1.0.2"
    resolved "https://registry.yarnpkg.com/os-homedir/-/os-homedir-1.0.2.tgz#ffbc4988336e0e833de0c168c7ef152121aa7fb3"
    integrity sha1-/7xJiDNuDoM94MFox+8VISGqf7M=
  
  os-tmpdir@^1.0.0:
    version "1.0.2"
    resolved "https://registry.yarnpkg.com/os-tmpdir/-/os-tmpdir-1.0.2.tgz#bbe67406c79aa85c5cfec766fe5734555dfa1274"
    integrity sha1-u+Z0BseaqFxc/sdm/lc0VV36EnQ=
  
  osenv@^0.1.0:
    version "0.1.5"
    resolved "https://registry.yarnpkg.com/osenv/-/osenv-0.1.5.tgz#85cdfafaeb28e8677f416e287592b5f3f49ea410"
    integrity sha512-0CWcCECdMVc2Rw3U5w9ZjqX6ga6ubk1xDVKxtBQPK7wis/0F2r9T6k4ydGYhecl7YUBxBVxhL5oisPsNxAPe2g==
    dependencies:
      os-homedir "^1.0.0"
      os-tmpdir "^1.0.0"
  
  package-json@^2.0.0:
    version "2.4.0"
    resolved "https://registry.yarnpkg.com/package-json/-/package-json-2.4.0.tgz#0d15bd67d1cbbddbb2ca222ff2edb86bcb31a8bb"
    integrity sha1-DRW9Z9HLvduyyiIv8u24a8sxqLs=
    dependencies:
      got "^5.0.0"
      registry-auth-token "^3.0.1"
      registry-url "^3.0.3"
      semver "^5.1.0"
  
  parse-json@^2.1.0, parse-json@^2.2.0:
    version "2.2.0"
    resolved "https://registry.yarnpkg.com/parse-json/-/parse-json-2.2.0.tgz#f480f40434ef80741f8469099f8dea18f55a4dc9"
    integrity sha1-9ID0BDTvgHQfhGkJn43qGPVaTck=
    dependencies:
      error-ex "^1.2.0"
  
  path-is-absolute@^1.0.0:
    version "1.0.1"
    resolved "https://registry.yarnpkg.com/path-is-absolute/-/path-is-absolute-1.0.1.tgz#174b9268735534ffbc7ace6bf53a5a9e1b5c5f5f"
    integrity sha1-F0uSaHNVNP+8es5r9TpanhtcX18=
  
  path-parse@^1.0.6:
    version "1.0.6"
    resolved "https://registry.yarnpkg.com/path-parse/-/path-parse-1.0.6.tgz#d62dbb5679405d72c4737ec58600e9ddcf06d24c"
    integrity sha512-GSmOT2EbHrINBf9SR7CDELwlJ8AENk3Qn7OikK4nFYAu3Ote2+JYNVvkpAEQm3/TLNEJFD/xZJjzyxg3KBWOzw==
  
  pinkie-promise@^2.0.0:
    version "2.0.1"
    resolved "https://registry.yarnpkg.com/pinkie-promise/-/pinkie-promise-2.0.1.tgz#2135d6dfa7a358c069ac9b178776288228450ffa"
    integrity sha1-ITXW36ejWMBprJsXh3YogihFD/o=
    dependencies:
      pinkie "^2.0.0"
  
  pinkie@^2.0.0:
    version "2.0.4"
    resolved "https://registry.yarnpkg.com/pinkie/-/pinkie-2.0.4.tgz#72556b80cfa0d48a974e80e77248e80ed4f7f870"
    integrity sha1-clVrgM+g1IqXToDnckjoDtT3+HA=
  
  popsicle-proxy-agent@^3.0.0:
    version "3.0.0"
    resolved "https://registry.yarnpkg.com/popsicle-proxy-agent/-/popsicle-proxy-agent-3.0.0.tgz#b9133c55d945759ab7ee61b7711364620d3aeadc"
    integrity sha1-uRM8VdlFdZq37mG3cRNkYg066tw=
    dependencies:
      http-proxy-agent "^1.0.0"
      https-proxy-agent "^1.0.0"
  
  popsicle-retry@^3.2.0:
    version "3.2.1"
    resolved "https://registry.yarnpkg.com/popsicle-retry/-/popsicle-retry-3.2.1.tgz#e06e866533b42a7a123eb330cbe63a7cebcba10c"
    integrity sha1-4G6GZTO0KnoSPrMwy+Y6fOvLoQw=
    dependencies:
      any-promise "^1.1.0"
      xtend "^4.0.1"
  
  popsicle-rewrite@^1.0.0:
    version "1.0.0"
    resolved "https://registry.yarnpkg.com/popsicle-rewrite/-/popsicle-rewrite-1.0.0.tgz#1dd4e8ea9c3182351fb820f87934d992f7fb9007"
    integrity sha1-HdTo6pwxgjUfuCD4eTTZkvf7kAc=
  
  popsicle-status@^2.0.0:
    version "2.0.1"
    resolved "https://registry.yarnpkg.com/popsicle-status/-/popsicle-status-2.0.1.tgz#8dd70c4fe7c694109add784ffe80eacac1e7b28d"
    integrity sha1-jdcMT+fGlBCa3XhP/oDqysHnso0=
  
  popsicle@^8.0.2:
    version "8.2.0"
    resolved "https://registry.yarnpkg.com/popsicle/-/popsicle-8.2.0.tgz#ff4401005cab43a9418a91410611c00197712d21"
    integrity sha1-/0QBAFyrQ6lBipFBBhHAAZdxLSE=
    dependencies:
      any-promise "^1.3.0"
      arrify "^1.0.0"
      concat-stream "^1.4.7"
      form-data "^2.0.0"
      make-error-cause "^1.2.1"
      throwback "^1.1.0"
      tough-cookie "^2.0.0"
      xtend "^4.0.0"
  
  prepend-http@^1.0.1:
    version "1.0.4"
    resolved "https://registry.yarnpkg.com/prepend-http/-/prepend-http-1.0.4.tgz#d4f4562b0ce3696e41ac52d0e002e57a635dc6dc"
    integrity sha1-1PRWKwzjaW5BrFLQ4ALlemNdxtw=
  
  private@^0.1.6:
    version "0.1.8"
    resolved "https://registry.yarnpkg.com/private/-/private-0.1.8.tgz#2381edb3689f7a53d653190060fcf822d2f368ff"
    integrity sha512-VvivMrbvd2nKkiG38qjULzlc+4Vx4wm/whI9pQD35YrARNnhxeiRktSOhSukRLFNlzg6Br/cJPet5J/u19r/mg==
  
  process-nextick-args@~2.0.0:
    version "2.0.0"
    resolved "https://registry.yarnpkg.com/process-nextick-args/-/process-nextick-args-2.0.0.tgz#a37d732f4271b4ab1ad070d35508e8290788ffaa"
    integrity sha512-MtEC1TqN0EU5nephaJ4rAtThHtC86dNN9qCuEhtshvpVBkAW5ZO7BASN9REnF9eoXGcRub+pFuKEpOHE+HbEMw==
  
  promise-finally@^2.0.1, promise-finally@^2.2.1:
    version "2.2.1"
    resolved "https://registry.yarnpkg.com/promise-finally/-/promise-finally-2.2.1.tgz#22616c4ba902916e988bd46c54d7caa08910cd77"
    integrity sha1-ImFsS6kCkW6Yi9RsVNfKoIkQzXc=
    dependencies:
      any-promise "^1.3.0"
  
  psl@^1.1.28:
    version "1.1.31"
    resolved "https://registry.yarnpkg.com/psl/-/psl-1.1.31.tgz#e9aa86d0101b5b105cbe93ac6b784cd547276184"
    integrity sha512-/6pt4+C+T+wZUieKR620OpzN/LlnNKuWjy1iFLQ/UG35JqHlR/89MP1d96dUfkf6Dne3TuLQzOYEYshJ+Hx8mw==
  
  punycode@^2.1.1:
    version "2.1.1"
    resolved "https://registry.yarnpkg.com/punycode/-/punycode-2.1.1.tgz#b58b010ac40c22c5657616c8d2c2c02c7bf479ec"
    integrity sha512-XRsRjdf+j5ml+y/6GKHPZbrF/8p2Yga0JPtdqTIY2Xe5ohJPD9saDJJLPvp9+NSBprVvevdXZybnj2cv8OEd0A==
  
  rc@^1.0.1, rc@^1.1.5, rc@^1.1.6:
    version "1.2.8"
    resolved "https://registry.yarnpkg.com/rc/-/rc-1.2.8.tgz#cd924bf5200a075b83c188cd6b9e211b7fc0d3ed"
    integrity sha512-y3bGgqKj3QBdxLbLkomlohkvsA8gdAiUQlSBJnBhfn+BPxg4bc62d8TcBW15wavDfgexCgccckhcZvywyQYPOw==
    dependencies:
      deep-extend "^0.6.0"
      ini "~1.3.0"
      minimist "^1.2.0"
      strip-json-comments "~2.0.1"
  
  read-all-stream@^3.0.0:
    version "3.1.0"
    resolved "https://registry.yarnpkg.com/read-all-stream/-/read-all-stream-3.1.0.tgz#35c3e177f2078ef789ee4bfafa4373074eaef4fa"
    integrity sha1-NcPhd/IHjveJ7kv6+kNzB06u9Po=
    dependencies:
      pinkie-promise "^2.0.0"
      readable-stream "^2.0.0"
  
  readable-stream@^2.0.0, readable-stream@^2.0.2, readable-stream@^2.0.5, readable-stream@^2.2.2:
    version "2.3.6"
    resolved "https://registry.yarnpkg.com/readable-stream/-/readable-stream-2.3.6.tgz#b11c27d88b8ff1fbe070643cf94b0c79ae1b0aaf"
    integrity sha512-tQtKA9WIAhBF3+VLAseyMqZeBjW0AHJoxOtYqSUZNJxauErmLbVm2FW1y+J/YA9dUrAC39ITejlZWhVIwawkKw==
    dependencies:
      core-util-is "~1.0.0"
      inherits "~2.0.3"
      isarray "~1.0.0"
      process-nextick-args "~2.0.0"
      safe-buffer "~5.1.1"
      string_decoder "~1.1.1"
      util-deprecate "~1.0.1"
  
  regenerate@^1.2.1:
    version "1.4.0"
    resolved "https://registry.yarnpkg.com/regenerate/-/regenerate-1.4.0.tgz#4a856ec4b56e4077c557589cae85e7a4c8869a11"
    integrity sha512-1G6jJVDWrt0rK99kBjvEtziZNCICAuvIPkSiUFIQxVP06RCVpq3dmDo2oi6ABpYaDYaTRr67BEhL8r1wgEZZKg==
  
  regenerator-runtime@^0.11.0:
    version "0.11.1"
    resolved "https://registry.yarnpkg.com/regenerator-runtime/-/regenerator-runtime-0.11.1.tgz#be05ad7f9bf7d22e056f9726cee5017fbf19e2e9"
    integrity sha512-MguG95oij0fC3QV3URf4V2SDYGJhJnJGqvIIgdECeODCT98wSWDAJ94SSuVpYQUoTcGUIL6L4yNB7j1DFFHSBg==
  
  regenerator-transform@^0.10.0:
    version "0.10.1"
    resolved "https://registry.yarnpkg.com/regenerator-transform/-/regenerator-transform-0.10.1.tgz#1e4996837231da8b7f3cf4114d71b5691a0680dd"
    integrity sha512-PJepbvDbuK1xgIgnau7Y90cwaAmO/LCLMI2mPvaXq2heGMR3aWW5/BQvYrhJ8jgmQjXewXvBjzfqKcVOmhjZ6Q==
    dependencies:
      babel-runtime "^6.18.0"
      babel-types "^6.19.0"
      private "^0.1.6"
  
  regexpu-core@^2.0.0:
    version "2.0.0"
    resolved "https://registry.yarnpkg.com/regexpu-core/-/regexpu-core-2.0.0.tgz#49d038837b8dcf8bfa5b9a42139938e6ea2ae240"
    integrity sha1-SdA4g3uNz4v6W5pCE5k45uoq4kA=
    dependencies:
      regenerate "^1.2.1"
      regjsgen "^0.2.0"
      regjsparser "^0.1.4"
  
  registry-auth-token@^3.0.1:
    version "3.4.0"
    resolved "https://registry.yarnpkg.com/registry-auth-token/-/registry-auth-token-3.4.0.tgz#d7446815433f5d5ed6431cd5dca21048f66b397e"
    integrity sha512-4LM6Fw8eBQdwMYcES4yTnn2TqIasbXuwDx3um+QRs7S55aMKCBKBxvPXl2RiUjHwuJLTyYfxSpmfSAjQpcuP+A==
    dependencies:
      rc "^1.1.6"
      safe-buffer "^5.0.1"
  
  registry-url@^3.0.3:
    version "3.1.0"
    resolved "https://registry.yarnpkg.com/registry-url/-/registry-url-3.1.0.tgz#3d4ef870f73dde1d77f0cf9a381432444e174942"
    integrity sha1-PU74cPc93h138M+aOBQyRE4XSUI=
    dependencies:
      rc "^1.0.1"
  
  regjsgen@^0.2.0:
    version "0.2.0"
    resolved "https://registry.yarnpkg.com/regjsgen/-/regjsgen-0.2.0.tgz#6c016adeac554f75823fe37ac05b92d5a4edb1f7"
    integrity sha1-bAFq3qxVT3WCP+N6wFuS1aTtsfc=
  
  regjsparser@^0.1.4:
    version "0.1.5"
    resolved "https://registry.yarnpkg.com/regjsparser/-/regjsparser-0.1.5.tgz#7ee8f84dc6fa792d3fd0ae228d24bd949ead205c"
    integrity sha1-fuj4Tcb6eS0/0K4ijSS9lJ6tIFw=
    dependencies:
      jsesc "~0.5.0"
  
  repeating@^2.0.0:
    version "2.0.1"
    resolved "https://registry.yarnpkg.com/repeating/-/repeating-2.0.1.tgz#5214c53a926d3552707527fbab415dbc08d06dda"
    integrity sha1-UhTFOpJtNVJwdSf7q0FdvAjQbdo=
    dependencies:
      is-finite "^1.0.0"
  
  resolve@^1.1.7, resolve@~1.10.0:
    version "1.10.1"
    resolved "https://registry.yarnpkg.com/resolve/-/resolve-1.10.1.tgz#664842ac960795bbe758221cdccda61fb64b5f18"
    integrity sha512-KuIe4mf++td/eFb6wkaPbMDnP6kObCaEtIDuHOUED6MNUo4K670KZUHuuvYPZDxNF0WVLw49n06M2m2dXphEzA==
    dependencies:
      path-parse "^1.0.6"
  
  restore-cursor@^1.0.1:
    version "1.0.1"
    resolved "https://registry.yarnpkg.com/restore-cursor/-/restore-cursor-1.0.1.tgz#34661f46886327fed2991479152252df92daa541"
    integrity sha1-NGYfRohjJ/7SmRR5FSJS35LapUE=
    dependencies:
      exit-hook "^1.0.0"
      onetime "^1.0.0"
  
  resumer@~0.0.0:
    version "0.0.0"
    resolved "https://registry.yarnpkg.com/resumer/-/resumer-0.0.0.tgz#f1e8f461e4064ba39e82af3cdc2a8c893d076759"
    integrity sha1-8ej0YeQGS6Oegq883CqMiT0HZ1k=
    dependencies:
      through "~2.3.4"
  
  rimraf@^2.4.4:
    version "2.6.3"
    resolved "https://registry.yarnpkg.com/rimraf/-/rimraf-2.6.3.tgz#b2d104fe0d8fb27cf9e0a1cda8262dd3833c6cab"
    integrity sha512-mwqeW5XsA2qAejG46gYdENaxXjx9onRNCfn7L0duuP4hCuTIi/QO7PDK07KJfp1d+izWPrzEJDcSqBa0OZQriA==
    dependencies:
      glob "^7.1.3"
  
  safe-buffer@^5.0.1, safe-buffer@~5.1.0, safe-buffer@~5.1.1:
    version "5.1.2"
    resolved "https://registry.yarnpkg.com/safe-buffer/-/safe-buffer-5.1.2.tgz#991ec69d296e0313747d59bdfd2b745c35f8828d"
    integrity sha512-Gd2UZBJDkXlY7GbJxfsE8/nvKkUEU1G38c1siN6QP6a9PT9MmHB8GnpscSmMJSoF8LOIrt8ud/wPtojys4G6+g==
  
  semver-diff@^2.0.0:
    version "2.1.0"
    resolved "https://registry.yarnpkg.com/semver-diff/-/semver-diff-2.1.0.tgz#4bbb8437c8d37e4b0cf1a68fd726ec6d645d6d36"
    integrity sha1-S7uEN8jTfksM8aaP1ybsbWRdbTY=
    dependencies:
      semver "^5.0.3"
  
  semver@^5.0.3, semver@^5.1.0:
    version "5.7.0"
    resolved "https://registry.yarnpkg.com/semver/-/semver-5.7.0.tgz#790a7cf6fea5459bac96110b29b60412dc8ff96b"
    integrity sha512-Ya52jSX2u7QKghxeoFGpLwCtGlt7j0oY9DYb5apt9nPlJ42ID+ulTXESnt/qAQcoSERyZ5sl3LDIOw0nAn/5DA==
  
  semver@~5.0.1:
    version "5.0.3"
    resolved "https://registry.yarnpkg.com/semver/-/semver-5.0.3.tgz#77466de589cd5d3c95f138aa78bc569a3cb5d27a"
    integrity sha1-d0Zt5YnNXTyV8TiqeLxWmjy10no=
  
  signal-exit@^3.0.2:
    version "3.0.2"
    resolved "https://registry.yarnpkg.com/signal-exit/-/signal-exit-3.0.2.tgz#b5fdc08f1287ea1178628e415e25132b73646c6d"
    integrity sha1-tf3AjxKH6hF4Yo5BXiUTK3NkbG0=
  
  slice-ansi@0.0.4:
    version "0.0.4"
    resolved "https://registry.yarnpkg.com/slice-ansi/-/slice-ansi-0.0.4.tgz#edbf8903f66f7ce2f8eafd6ceed65e264c831b35"
    integrity sha1-7b+JA/ZvfOL46v1s7tZeJkyDGzU=
  
  slide@^1.1.5:
    version "1.1.6"
    resolved "https://registry.yarnpkg.com/slide/-/slide-1.1.6.tgz#56eb027d65b4d2dce6cb2e2d32c4d4afc9e1d707"
    integrity sha1-VusCfWW00tzmyy4tMsTUr8nh1wc=
  
  sort-keys@^1.0.0:
    version "1.1.2"
    resolved "https://registry.yarnpkg.com/sort-keys/-/sort-keys-1.1.2.tgz#441b6d4d346798f1b4e49e8920adfba0e543f9ad"
    integrity sha1-RBttTTRnmPG05J6JIK37oOVD+a0=
    dependencies:
      is-plain-obj "^1.0.0"
  
  sprintf-js@^1.0.3:
    version "1.1.2"
    resolved "https://registry.yarnpkg.com/sprintf-js/-/sprintf-js-1.1.2.tgz#da1765262bf8c0f571749f2ad6c26300207ae673"
    integrity sha512-VE0SOVEHCk7Qc8ulkWw3ntAzXuqf7S2lvwQaDLRnUeIEaKNQJzV6BwmLKhOqT61aGhfUMrXeaBk+oDGCzvhcug==
  
  string-template@^1.0.0:
    version "1.0.0"
    resolved "https://registry.yarnpkg.com/string-template/-/string-template-1.0.0.tgz#9e9f2233dc00f218718ec379a28a5673ecca8b96"
    integrity sha1-np8iM9wA8hhxjsN5oopWc+zKi5Y=
  
  string-width@^1.0.1:
    version "1.0.2"
    resolved "https://registry.yarnpkg.com/string-width/-/string-width-1.0.2.tgz#118bdf5b8cdc51a2a7e70d211e07e2b0b9b107d3"
    integrity sha1-EYvfW4zcUaKn5w0hHgfisLmxB9M=
    dependencies:
      code-point-at "^1.0.0"
      is-fullwidth-code-point "^1.0.0"
      strip-ansi "^3.0.0"
  
  string.prototype.trim@~1.1.2:
    version "1.1.2"
    resolved "https://registry.yarnpkg.com/string.prototype.trim/-/string.prototype.trim-1.1.2.tgz#d04de2c89e137f4d7d206f086b5ed2fae6be8cea"
    integrity sha1-0E3iyJ4Tf019IG8Ia17S+ua+jOo=
    dependencies:
      define-properties "^1.1.2"
      es-abstract "^1.5.0"
      function-bind "^1.0.2"
  
  string_decoder@~1.1.1:
    version "1.1.1"
    resolved "https://registry.yarnpkg.com/string_decoder/-/string_decoder-1.1.1.tgz#9cf1611ba62685d7030ae9e4ba34149c3af03fc8"
    integrity sha512-n/ShnvDi6FHbbVfviro+WojiFzv+s8MPMHBczVePfUpDJLwoLT0ht1l4YwBCbi8pJAveEEdnkHyPyTP/mzRfwg==
    dependencies:
      safe-buffer "~5.1.0"
  
  strip-ansi@^3.0.0:
    version "3.0.1"
    resolved "https://registry.yarnpkg.com/strip-ansi/-/strip-ansi-3.0.1.tgz#6a385fb8853d952d5ff05d0e8aaf94278dc63dcf"
    integrity sha1-ajhfuIU9lS1f8F0Oiq+UJ43GPc8=
    dependencies:
      ansi-regex "^2.0.0"
  
  strip-bom@^2.0.0:
    version "2.0.0"
    resolved "https://registry.yarnpkg.com/strip-bom/-/strip-bom-2.0.0.tgz#6219a85616520491f35788bdbf1447a99c7e6b0e"
    integrity sha1-YhmoVhZSBJHzV4i9vxRHqZx+aw4=
    dependencies:
      is-utf8 "^0.2.0"
  
  strip-json-comments@~2.0.1:
    version "2.0.1"
    resolved "https://registry.yarnpkg.com/strip-json-comments/-/strip-json-comments-2.0.1.tgz#3c531942e908c2697c0ec344858c286c7ca0a60a"
    integrity sha1-PFMZQukIwml8DsNEhYwobHygpgo=
  
  supports-color@^2.0.0:
    version "2.0.0"
    resolved "https://registry.yarnpkg.com/supports-color/-/supports-color-2.0.0.tgz#535d045ce6b6363fa40117084629995e9df324c7"
    integrity sha1-U10EXOa2Nj+kARcIRimZXp3zJMc=
  
  tape@^4.8.0:
    version "4.10.1"
    resolved "https://registry.yarnpkg.com/tape/-/tape-4.10.1.tgz#f73be60888dcb120f08b57f947af65a829506a5f"
    integrity sha512-G0DywYV1jQeY3axeYnXUOt6ktnxS9OPJh97FGR3nrua8lhWi1zPflLxcAHavZ7Jf3qUfY7cxcVIVFa4mY2IY1w==
    dependencies:
      deep-equal "~1.0.1"
      defined "~1.0.0"
      for-each "~0.3.3"
      function-bind "~1.1.1"
      glob "~7.1.3"
      has "~1.0.3"
      inherits "~2.0.3"
      minimist "~1.2.0"
      object-inspect "~1.6.0"
      resolve "~1.10.0"
      resumer "~0.0.0"
      string.prototype.trim "~1.1.2"
      through "~2.3.8"
  
  thenify@^3.1.0:
    version "3.3.0"
    resolved "https://registry.yarnpkg.com/thenify/-/thenify-3.3.0.tgz#e69e38a1babe969b0108207978b9f62b88604839"
    integrity sha1-5p44obq+lpsBCCB5eLn2K4hgSDk=
    dependencies:
      any-promise "^1.0.0"
  
  throat@^3.0.0:
    version "3.2.0"
    resolved "https://registry.yarnpkg.com/throat/-/throat-3.2.0.tgz#50cb0670edbc40237b9e347d7e1f88e4620af836"
    integrity sha512-/EY8VpvlqJ+sFtLPeOgc8Pl7kQVOWv0woD87KTXVHPIAE842FGT+rokxIhe8xIUP1cfgrkt0as0vDLjDiMtr8w==
  
  through@~2.3.4, through@~2.3.8:
    version "2.3.8"
    resolved "https://registry.yarnpkg.com/through/-/through-2.3.8.tgz#0dd4c9ffaabc357960b1b724115d7e0e86a2e1f5"
    integrity sha1-DdTJ/6q8NXlgsbckEV1+Doai4fU=
  
  throwback@^1.1.0:
    version "1.1.1"
    resolved "https://registry.yarnpkg.com/throwback/-/throwback-1.1.1.tgz#f007e7c17604a6d16d7a07c41aa0e8fedc6184a4"
    integrity sha1-8AfnwXYEptFtegfEGqDo/txhhKQ=
    dependencies:
      any-promise "^1.3.0"
  
  timed-out@^3.0.0:
    version "3.1.3"
    resolved "https://registry.yarnpkg.com/timed-out/-/timed-out-3.1.3.tgz#95860bfcc5c76c277f8f8326fd0f5b2e20eba217"
    integrity sha1-lYYL/MXHbCd/j4Mm/Q9bLiDrohc=
  
  to-fast-properties@^1.0.3:
    version "1.0.3"
    resolved "https://registry.yarnpkg.com/to-fast-properties/-/to-fast-properties-1.0.3.tgz#b83571fa4d8c25b82e231b06e3a3055de4ca1a47"
    integrity sha1-uDVx+k2MJbguIxsG46MFXeTKGkc=
  
  touch@^1.0.0:
    version "1.0.0"
    resolved "https://registry.yarnpkg.com/touch/-/touch-1.0.0.tgz#449cbe2dbae5a8c8038e30d71fa0ff464947c4de"
    integrity sha1-RJy+LbrlqMgDjjDXH6D/RklHxN4=
    dependencies:
      nopt "~1.0.10"
  
  tough-cookie@^2.0.0:
    version "2.5.0"
    resolved "https://registry.yarnpkg.com/tough-cookie/-/tough-cookie-2.5.0.tgz#cd9fb2a0aa1d5a12b473bd9fb96fa3dcff65ade2"
    integrity sha512-nlLsUzgm1kfLXSXfRZMc1KLAugd4hqJHDTvc2hDIwS3mZAfMEuMbc03SujMF+GEcpaX/qboeycw6iO8JwVv2+g==
    dependencies:
      psl "^1.1.28"
      punycode "^2.1.1"
  
  transit-immutable-js@^0.7.0:
    version "0.7.0"
    resolved "https://registry.yarnpkg.com/transit-immutable-js/-/transit-immutable-js-0.7.0.tgz#993e25089b6311ff402140f556276d6d253005d9"
    integrity sha1-mT4lCJtjEf9AIUD1VidtbSUwBdk=
  
  transit-js@^0.8.861:
    version "0.8.861"
    resolved "https://registry.yarnpkg.com/transit-js/-/transit-js-0.8.861.tgz#829e516b80349a41fff5d59f5e6993b5473f72c9"
    integrity sha512-4O9OrYPZw6C0M5gMTvaeOp+xYz6EF79JsyxIvqXHlt+pisSrioJWFOE80N8aCPoJLcNaXF442RZrVtdmd4wkDQ==
  
  tslint-config-standard@^1.3.0:
    version "1.5.0"
    resolved "https://registry.yarnpkg.com/tslint-config-standard/-/tslint-config-standard-1.5.0.tgz#9528f7c2852dce936a927325fb88f89e019e6d70"
    integrity sha1-lSj3woUtzpNqknMl+4j4ngGebXA=
    dependencies:
      tslint-eslint-rules "^2.0.1"
  
  tslint-config-typings@^0.2.3:
    version "0.2.4"
    resolved "https://registry.yarnpkg.com/tslint-config-typings/-/tslint-config-typings-0.2.4.tgz#87f347d3b80de769900ab2b9adc05f0d1c2e9444"
    integrity sha1-h/NH07gN52mQCrK5rcBfDRwulEQ=
    dependencies:
      tslint-config-unional "^0.2.3"
  
  tslint-config-unional@^0.2.3:
    version "0.2.7"
    resolved "https://registry.yarnpkg.com/tslint-config-unional/-/tslint-config-unional-0.2.7.tgz#5f24267ff2e70e99ea22c65c6d64924b6c6f3064"
    integrity sha1-XyQmf/LnDpnqIsZcbWSSS2xvMGQ=
  
  tslint-config-unional@^0.4.4:
    version "0.4.5"
    resolved "https://registry.yarnpkg.com/tslint-config-unional/-/tslint-config-unional-0.4.5.tgz#32bbc3cdf7753d62e07d3120096e854d5ac1243e"
    integrity sha1-MrvDzfd1PWLgfTEgCW6FTVrBJD4=
    dependencies:
      tslint-config-standard "^1.3.0"
      tslint-eslint-rules "^1.3.0"
  
  tslint-eslint-rules@^1.3.0:
    version "1.6.1"
    resolved "https://registry.yarnpkg.com/tslint-eslint-rules/-/tslint-eslint-rules-1.6.1.tgz#39e92f31956ad2a66c0061c351fa96c0808ae0f8"
    integrity sha1-OekvMZVq0qZsAGHDUfqWwICK4Pg=
    dependencies:
      doctrine "^0.7.2"
      tslint "^3.15.1"
  
  tslint-eslint-rules@^2.0.1:
    version "2.2.1"
    resolved "https://registry.yarnpkg.com/tslint-eslint-rules/-/tslint-eslint-rules-2.2.1.tgz#ffc5f264ddfb52da27961f281d8f2db6b397c95a"
    integrity sha1-/8XyZN37Utonlh8oHY8ttrOXyVo=
    dependencies:
      doctrine "^0.7.2"
      tslint "^3.15.1"
  
  tslint@^3.14.0, tslint@^3.15.1:
    version "3.15.1"
    resolved "https://registry.yarnpkg.com/tslint/-/tslint-3.15.1.tgz#da165ca93d8fdc2c086b51165ee1bacb48c98ea5"
    integrity sha1-2hZcqT2P3CwIa1EWXuG6y0jJjqU=
    dependencies:
      colors "^1.1.2"
      diff "^2.2.1"
      findup-sync "~0.3.0"
      glob "^7.0.3"
      optimist "~0.6.0"
      resolve "^1.1.7"
      underscore.string "^3.3.4"
  
  typedarray@^0.0.6:
    version "0.0.6"
    resolved "https://registry.yarnpkg.com/typedarray/-/typedarray-0.0.6.tgz#867ac74e3864187b1d3d47d996a78ec5c8830777"
    integrity sha1-hnrHTjhkGHsdPUfZlqeOxciDB3c=
  
  typescript@^2.0.3:
    version "2.9.2"
    resolved "https://registry.yarnpkg.com/typescript/-/typescript-2.9.2.tgz#1cbf61d05d6b96269244eb6a3bce4bd914e0f00c"
    integrity sha512-Gr4p6nFNaoufRIY4NMdpQRNmgxVIGMs4Fcu/ujdYk3nAZqk7supzBE9idmvfZIlH/Cuj//dvi+019qEue9lV0w==
  
  typings-core@^1.6.1:
    version "1.6.1"
    resolved "https://registry.yarnpkg.com/typings-core/-/typings-core-1.6.1.tgz#ce4b2931ea2f19bb8f3dacbec69983ac4e964a37"
    integrity sha1-zkspMeovGbuPPay+xpmDrE6WSjc=
    dependencies:
      any-promise "^1.3.0"
      array-uniq "^1.0.2"
      configstore "^2.0.0"
      debug "^2.2.0"
      detect-indent "^4.0.0"
      graceful-fs "^4.1.2"
      has "^1.0.1"
      invariant "^2.2.0"
      is-absolute "^0.2.3"
      listify "^1.0.0"
      lockfile "^1.0.1"
      make-error-cause "^1.2.1"
      mkdirp "^0.5.1"
      object.pick "^1.1.1"
      parse-json "^2.2.0"
      popsicle "^8.0.2"
      popsicle-proxy-agent "^3.0.0"
      popsicle-retry "^3.2.0"
      popsicle-rewrite "^1.0.0"
      popsicle-status "^2.0.0"
      promise-finally "^2.0.1"
      rc "^1.1.5"
      rimraf "^2.4.4"
      sort-keys "^1.0.0"
      string-template "^1.0.0"
      strip-bom "^2.0.0"
      thenify "^3.1.0"
      throat "^3.0.0"
      touch "^1.0.0"
      typescript "^2.0.3"
      xtend "^4.0.0"
      zip-object "^0.1.0"
  
  typings@^1.3.2:
    version "1.5.0"
    resolved "https://registry.yarnpkg.com/typings/-/typings-1.5.0.tgz#b9d236cf1d37460854f8c671ea495d9405b8103f"
    integrity sha1-udI2zx03RghU+MZx6kldlAW4ED8=
    dependencies:
      any-promise "^1.3.0"
      archy "^1.0.0"
      bluebird "^3.1.1"
      chalk "^1.0.0"
      cli-truncate "^0.2.1"
      columnify "^1.5.2"
      elegant-spinner "^1.0.1"
      has-unicode "^2.0.1"
      listify "^1.0.0"
      log-update "^1.0.2"
      minimist "^1.2.0"
      promise-finally "^2.2.1"
      typings-core "^1.6.1"
      update-notifier "^1.0.0"
      wordwrap "^1.0.0"
      xtend "^4.0.1"
  
  unc-path-regex@^0.1.0:
    version "0.1.2"
    resolved "https://registry.yarnpkg.com/unc-path-regex/-/unc-path-regex-0.1.2.tgz#e73dd3d7b0d7c5ed86fbac6b0ae7d8c6a69d50fa"
    integrity sha1-5z3T17DXxe2G+6xrCufYxqadUPo=
  
  underscore.string@^3.3.4:
    version "3.3.5"
    resolved "https://registry.yarnpkg.com/underscore.string/-/underscore.string-3.3.5.tgz#fc2ad255b8bd309e239cbc5816fd23a9b7ea4023"
    integrity sha512-g+dpmgn+XBneLmXXo+sGlW5xQEt4ErkS3mgeN2GFbremYeMBSJKr9Wf2KJplQVaiPY/f7FN6atosWYNm9ovrYg==
    dependencies:
      sprintf-js "^1.0.3"
      util-deprecate "^1.0.2"
  
  unzip-response@^1.0.2:
    version "1.0.2"
    resolved "https://registry.yarnpkg.com/unzip-response/-/unzip-response-1.0.2.tgz#b984f0877fc0a89c2c773cc1ef7b5b232b5b06fe"
    integrity sha1-uYTwh3/AqJwsdzzB73tbIytbBv4=
  
  update-notifier@^1.0.0:
    version "1.0.3"
    resolved "https://registry.yarnpkg.com/update-notifier/-/update-notifier-1.0.3.tgz#8f92c515482bd6831b7c93013e70f87552c7cf5a"
    integrity sha1-j5LFFUgr1oMbfJMBPnD4dVLHz1o=
    dependencies:
      boxen "^0.6.0"
      chalk "^1.0.0"
      configstore "^2.0.0"
      is-npm "^1.0.0"
      latest-version "^2.0.0"
      lazy-req "^1.1.0"
      semver-diff "^2.0.0"
      xdg-basedir "^2.0.0"
  
  url-parse-lax@^1.0.0:
    version "1.0.0"
    resolved "https://registry.yarnpkg.com/url-parse-lax/-/url-parse-lax-1.0.0.tgz#7af8f303645e9bd79a272e7a14ac68bc0609da73"
    integrity sha1-evjzA2Rem9eaJy56FKxovAYJ2nM=
    dependencies:
      prepend-http "^1.0.1"
  
  util-deprecate@^1.0.2, util-deprecate@~1.0.1:
    version "1.0.2"
    resolved "https://registry.yarnpkg.com/util-deprecate/-/util-deprecate-1.0.2.tgz#450d4dc9fa70de732762fbd2d4a28981419a0ccf"
    integrity sha1-RQ1Nyfpw3nMnYvvS1KKJgUGaDM8=
  
  uuid@3.1.0:
    version "3.1.0"
    resolved "https://registry.yarnpkg.com/uuid/-/uuid-3.1.0.tgz#3dd3d3e790abc24d7b0d3a034ffababe28ebbc04"
    integrity sha512-DIWtzUkw04M4k3bf1IcpS2tngXEL26YUD2M0tMDUpnUrz2hgzUBlD55a4FjdLGPvfHxS6uluGWvaVEqgBcVa+g==
  
  uuid@^2.0.1:
    version "2.0.3"
    resolved "https://registry.yarnpkg.com/uuid/-/uuid-2.0.3.tgz#67e2e863797215530dff318e5bf9dcebfd47b21a"
    integrity sha1-Z+LoY3lyFVMN/zGOW/nc6/1Hsho=
  
  wcwidth@^1.0.0:
    version "1.0.1"
    resolved "https://registry.yarnpkg.com/wcwidth/-/wcwidth-1.0.1.tgz#f0b0dcf915bc5ff1528afadb2c0e17b532da2fe8"
    integrity sha1-8LDc+RW8X/FSivrbLA4XtTLaL+g=
    dependencies:
      defaults "^1.0.3"
  
  widest-line@^1.0.0:
    version "1.0.0"
    resolved "https://registry.yarnpkg.com/widest-line/-/widest-line-1.0.0.tgz#0c09c85c2a94683d0d7eaf8ee097d564bf0e105c"
    integrity sha1-DAnIXCqUaD0Nfq+O4JfVZL8OEFw=
    dependencies:
      string-width "^1.0.1"
  
  wordwrap@^1.0.0:
    version "1.0.0"
    resolved "https://registry.yarnpkg.com/wordwrap/-/wordwrap-1.0.0.tgz#27584810891456a4171c8d0226441ade90cbcaeb"
    integrity sha1-J1hIEIkUVqQXHI0CJkQa3pDLyus=
  
  wordwrap@~0.0.2:
    version "0.0.3"
    resolved "https://registry.yarnpkg.com/wordwrap/-/wordwrap-0.0.3.tgz#a3d5da6cd5c0bc0008d37234bbaf1bed63059107"
    integrity sha1-o9XabNXAvAAI03I0u68b7WMFkQc=
  
  wrappy@1:
    version "1.0.2"
    resolved "https://registry.yarnpkg.com/wrappy/-/wrappy-1.0.2.tgz#b5243d8f3ec1aa35f1364605bc0d1036e30ab69f"
    integrity sha1-tSQ9jz7BqjXxNkYFvA0QNuMKtp8=
  
  write-file-atomic@^1.1.2:
    version "1.3.4"
    resolved "https://registry.yarnpkg.com/write-file-atomic/-/write-file-atomic-1.3.4.tgz#f807a4f0b1d9e913ae7a48112e6cc3af1991b45f"
    integrity sha1-+Aek8LHZ6ROuekgRLmzDrxmRtF8=
    dependencies:
      graceful-fs "^4.1.11"
      imurmurhash "^0.1.4"
      slide "^1.1.5"
  
  xdg-basedir@^2.0.0:
    version "2.0.0"
    resolved "https://registry.yarnpkg.com/xdg-basedir/-/xdg-basedir-2.0.0.tgz#edbc903cc385fc04523d966a335504b5504d1bd2"
    integrity sha1-7byQPMOF/ARSPZZqM1UEtVBNG9I=
    dependencies:
      os-homedir "^1.0.0"
  
  xtend@^4.0.0, xtend@^4.0.1:
    version "4.0.1"
    resolved "https://registry.yarnpkg.com/xtend/-/xtend-4.0.1.tgz#a5c6d532be656e23db820efb943a1f04998d63af"
    integrity sha1-pcbVMr5lbiPbgg77lDofBJmNY68=
  
  zip-object@^0.1.0:
    version "0.1.0"
    resolved "https://registry.yarnpkg.com/zip-object/-/zip-object-0.1.0.tgz#c1a0da04c88c837756e248680a03ff902ec3f53a"
    integrity sha1-waDaBMiMg3dW4khoCgP/kC7D9To=
